
===========================================================================
report_checks -unconstrained
===========================================================================
======================= nom_tt_025C_1v80 Corner ===================================

Startpoint: rst_n (input port clocked by clk)
Endpoint: _2250_ (recovery check against rising-edge clock clk)
Path Group: asynchronous
Path Type: max

Fanout         Cap        Slew       Delay        Time   Description
---------------------------------------------------------------------------------------------
                                  0.000000    0.000000   clock clk (rise edge)
                                  0.000000    0.000000   clock network delay (propagated)
                                  2.000000    2.000000 ^ input external delay
     1    0.003043    0.020778    0.011171    2.011171 ^ rst_n (in)
                                                         rst_n (net)
                      0.020778    0.000000    2.011171 ^ input123/A (sky130_fd_sc_hd__clkbuf_4)
     9    0.044175    0.140127    0.195816    2.206987 ^ input123/X (sky130_fd_sc_hd__clkbuf_4)
                                                         net123 (net)
                      0.140142    0.001488    2.208475 ^ _2250_/RESET_B (sky130_fd_sc_hd__dfrtp_4)
                                              2.208475   data arrival time

                                 10.000000   10.000000   clock clk (rise edge)
                                  0.000000   10.000000   clock source latency
     1    0.030232    0.000000    0.000000   10.000000 ^ clk (in)
                                                         clk (net)
                      0.004422    0.002211   10.002211 ^ clkbuf_0_clk/A (sky130_fd_sc_hd__clkbuf_16)
    16    0.124726    0.137952    0.186269   10.188479 ^ clkbuf_0_clk/X (sky130_fd_sc_hd__clkbuf_16)
                                                         clknet_0_clk (net)
                      0.138951    0.009342   10.197822 ^ clkbuf_4_5_0_clk/A (sky130_fd_sc_hd__clkbuf_8)
    13    0.040130    0.082331    0.190199   10.388021 ^ clkbuf_4_5_0_clk/X (sky130_fd_sc_hd__clkbuf_8)
                                                         clknet_4_5_0_clk (net)
                      0.082345    0.001096   10.389116 ^ _2250_/CLK (sky130_fd_sc_hd__dfrtp_4)
                                  0.000000   10.389116   clock reconvergence pessimism
                                  0.198107   10.587223   library recovery time
                                             10.587223   data required time
---------------------------------------------------------------------------------------------
                                             10.587223   data required time
                                             -2.208475   data arrival time
---------------------------------------------------------------------------------------------
                                              8.378748   slack (MET)


Startpoint: des_data[63] (input port clocked by clk)
Endpoint: _2219_ (rising edge-triggered flip-flop clocked by clk)
Path Group: clk
Path Type: max

Fanout         Cap        Slew       Delay        Time   Description
---------------------------------------------------------------------------------------------
                                  0.000000    0.000000   clock clk (rise edge)
                                  0.000000    0.000000   clock network delay (propagated)
                                  2.000000    2.000000 v input external delay
     1    0.002909    0.008874    0.004622    2.004622 v des_data[63] (in)
                                                         des_data[63] (net)
                      0.008874    0.000000    2.004622 v input60/A (sky130_fd_sc_hd__clkbuf_1)
     1    0.005394    0.040028    0.084475    2.089097 v input60/X (sky130_fd_sc_hd__clkbuf_1)
                                                         net60 (net)
                      0.040028    0.000212    2.089309 v _1284_/A (sky130_fd_sc_hd__or3_1)
     3    0.010285    0.104862    0.416420    2.505729 v _1284_/X (sky130_fd_sc_hd__or3_1)
                                                         _0682_ (net)
                      0.104862    0.000216    2.505945 v _1369_/C (sky130_fd_sc_hd__and3b_2)
     4    0.023984    0.084809    0.289081    2.795026 v _1369_/X (sky130_fd_sc_hd__and3b_2)
                                                         _0765_ (net)
                      0.084853    0.001809    2.796835 v _1379_/A (sky130_fd_sc_hd__nor4_2)
     7    0.027883    0.691053    0.657384    3.454220 ^ _1379_/Y (sky130_fd_sc_hd__nor4_2)
                                                         _0775_ (net)
                      0.691053    0.000318    3.454538 ^ _1381_/A (sky130_fd_sc_hd__nor2_1)
     4    0.016018    0.191476    0.235846    3.690384 v _1381_/Y (sky130_fd_sc_hd__nor2_1)
                                                         _0777_ (net)
                      0.191476    0.000201    3.690584 v _1396_/A2 (sky130_fd_sc_hd__o2111a_1)
     1    0.002876    0.042333    0.283972    3.974557 v _1396_/X (sky130_fd_sc_hd__o2111a_1)
                                                         _0792_ (net)
                      0.042333    0.000108    3.974665 v _1397_/B1 (sky130_fd_sc_hd__a211o_1)
     1    0.002658    0.046191    0.257708    4.232372 v _1397_/X (sky130_fd_sc_hd__a211o_1)
                                                         _0793_ (net)
                      0.046191    0.000079    4.232451 v _1398_/A1 (sky130_fd_sc_hd__mux2_1)
     1    0.023092    0.149021    0.396280    4.628732 v _1398_/X (sky130_fd_sc_hd__mux2_1)
                                                         _0794_ (net)
                      0.149056    0.002175    4.630907 v _1400_/A (sky130_fd_sc_hd__xor2_1)
     1    0.002176    0.056996    0.190743    4.821650 v _1400_/X (sky130_fd_sc_hd__xor2_1)
                                                         _0796_ (net)
                      0.056996    0.000043    4.821692 v _1401_/A1 (sky130_fd_sc_hd__mux2_1)
     1    0.002067    0.051309    0.284102    5.105793 v _1401_/X (sky130_fd_sc_hd__mux2_1)
                                                         _0005_ (net)
                      0.051309    0.000058    5.105852 v _2219_/D (sky130_fd_sc_hd__dfxtp_1)
                                              5.105852   data arrival time

                                 10.000000   10.000000   clock clk (rise edge)
                                  0.000000   10.000000   clock source latency
     1    0.030232    0.000000    0.000000   10.000000 ^ clk (in)
                                                         clk (net)
                      0.004422    0.002211   10.002211 ^ clkbuf_0_clk/A (sky130_fd_sc_hd__clkbuf_16)
    16    0.124726    0.137952    0.186269   10.188479 ^ clkbuf_0_clk/X (sky130_fd_sc_hd__clkbuf_16)
                                                         clknet_0_clk (net)
                      0.138173    0.004481   10.192961 ^ clkbuf_4_10_0_clk/A (sky130_fd_sc_hd__clkbuf_8)
     7    0.036574    0.076772    0.185862   10.378822 ^ clkbuf_4_10_0_clk/X (sky130_fd_sc_hd__clkbuf_8)
                                                         clknet_4_10_0_clk (net)
                      0.076779    0.000847   10.379670 ^ _2219_/CLK (sky130_fd_sc_hd__dfxtp_1)
                                  0.000000   10.379670   clock reconvergence pessimism
                                 -0.105871   10.273798   library setup time
                                             10.273798   data required time
---------------------------------------------------------------------------------------------
                                             10.273798   data required time
                                             -5.105852   data arrival time
---------------------------------------------------------------------------------------------
                                              5.167946   slack (MET)




===========================================================================
report_checks --slack_max -0.01
============================================================================
======================= nom_tt_025C_1v80 Corner ===================================

No paths found.


===========================================================================
 report_check_types -max_slew -max_cap -max_fanout -violators
============================================================================
======================= nom_tt_025C_1v80 Corner ===================================

max fanout

Pin                                   Limit Fanout  Slack
---------------------------------------------------------
clkbuf_0_clk/X                           10     16     -6 (VIOLATED)
clkbuf_4_5_0_clk/X                       10     13     -3 (VIOLATED)
clkbuf_4_15_0_clk/X                      10     12     -2 (VIOLATED)
clkbuf_4_9_0_clk/X                       10     11        (VIOLATED)



===========================================================================
report_parasitic_annotation -report_unannotated
============================================================================
Found 23 unannotated drivers.
 des_key_in[0]
 des_key_in[16]
 des_key_in[24]
 des_key_in[32]
 des_key_in[40]
 des_key_in[48]
 des_key_in[56]
 des_key_in[8]
 clkload0/Y
 clkload1/Y
 clkload10/Y
 clkload11/Y
 clkload12/Y
 clkload13/Y
 clkload14/Y
 clkload2/Y
 clkload3/Y
 clkload4/Y
 clkload5/X
 clkload6/Y
 clkload7/Y
 clkload8/Y
 clkload9/X
Found 0 partially unannotated drivers.

===========================================================================
max slew violation count 0
max fanout violation count 4
max cap violation count 0
============================================================================

===========================================================================
check_setup -verbose -unconstrained_endpoints -multiple_clock -no_clock -no_input_delay -loops -generated_clocks
===========================================================================
