Clock: clk
Sources: clk 
Generated: no
Virtual: yes
Propagated: no
Period: 10.000000

===========================================================================
report_clock_properties
============================================================================
Clock                   Period          Waveform
----------------------------------------------------
clk                  10.000000    0.000000  5.000000

===========================================================================
report_clock_latency
============================================================================
Clock clk
rise -> rise
    min     max
0.000000 0.000000 source latency
0.372871         network latency _2284_/CLK
        0.389789 network latency _2255_/CLK
---------------
0.372871 0.389789 latency
        0.016918 skew

fall -> fall
    min     max
0.000000 0.000000 source latency
0.361427         network latency _2284_/CLK
        0.375248 network latency _2255_/CLK
---------------
0.361427 0.375248 latency
        0.013821 skew



===========================================================================
report_clock_min_period
============================================================================
clk period_min = 4.59 fmax = 217.64
