Clock: clk
Sources: clk 
Generated: no
Virtual: yes
Propagated: no
Period: 10.000000

===========================================================================
report_clock_properties
============================================================================
Clock                   Period          Waveform
----------------------------------------------------
clk                  10.000000    0.000000  5.000000

===========================================================================
report_clock_latency
============================================================================
Clock clk
rise -> rise
    min     max
0.000000 0.000000 source latency
0.382573         network latency _2311_/CLK
        0.403943 network latency _2255_/CLK
---------------
0.382573 0.403943 latency
        0.021370 skew

fall -> fall
    min     max
0.000000 0.000000 source latency
0.369685         network latency _2311_/CLK
        0.388405 network latency _2233_/CLK
---------------
0.369685 0.388405 latency
        0.018720 skew



===========================================================================
report_clock_min_period
============================================================================
clk period_min = 4.69 fmax = 213.31
