[WARNING ORD-0039] .openroad ignored with -python
                                Cells by Master                                 
┏━━━━━━━━━━━━━━━━━━━━━━━━━━━━━━━━━━━━━━━━━━━━━━━━━━━━━━━━━━━━━━━━┳━━━━━━━━━━━━━┓
┃ Cell                                                           ┃ Count       ┃
┡━━━━━━━━━━━━━━━━━━━━━━━━━━━━━━━━━━━━━━━━━━━━━━━━━━━━━━━━━━━━━━━━╇━━━━━━━━━━━━━┩
│ sky130_ef_sc_hd__decap_12                                      │ 432         │
│ sky130_fd_sc_hd__a2111o_1                                      │ 1           │
│ sky130_fd_sc_hd__a211o_1                                       │ 19          │
│ sky130_fd_sc_hd__a211o_2                                       │ 1           │
│ sky130_fd_sc_hd__a211oi_1                                      │ 2           │
│ sky130_fd_sc_hd__a211oi_2                                      │ 1           │
│ sky130_fd_sc_hd__a21bo_1                                       │ 5           │
│ sky130_fd_sc_hd__a21boi_1                                      │ 4           │
│ sky130_fd_sc_hd__a21boi_2                                      │ 7           │
│ sky130_fd_sc_hd__a21boi_4                                      │ 2           │
│ sky130_fd_sc_hd__a21o_1                                        │ 47          │
│ sky130_fd_sc_hd__a21o_2                                        │ 1           │
│ sky130_fd_sc_hd__a21oi_1                                       │ 26          │
│ sky130_fd_sc_hd__a21oi_2                                       │ 8           │
│ sky130_fd_sc_hd__a21oi_4                                       │ 1           │
│ sky130_fd_sc_hd__a221o_1                                       │ 12          │
│ sky130_fd_sc_hd__a22o_1                                        │ 9           │
│ sky130_fd_sc_hd__a2bb2o_1                                      │ 7           │
│ sky130_fd_sc_hd__a311o_1                                       │ 3           │
│ sky130_fd_sc_hd__a311oi_1                                      │ 1           │
│ sky130_fd_sc_hd__a31o_1                                        │ 30          │
│ sky130_fd_sc_hd__a31o_2                                        │ 1           │
│ sky130_fd_sc_hd__a31oi_1                                       │ 2           │
│ sky130_fd_sc_hd__a32o_1                                        │ 6           │
│ sky130_fd_sc_hd__a32oi_1                                       │ 1           │
│ sky130_fd_sc_hd__and2_1                                        │ 26          │
│ sky130_fd_sc_hd__and2_2                                        │ 4           │
│ sky130_fd_sc_hd__and2b_1                                       │ 3           │
│ sky130_fd_sc_hd__and3_1                                        │ 17          │
│ sky130_fd_sc_hd__and3_2                                        │ 2           │
│ sky130_fd_sc_hd__and3b_1                                       │ 16          │
│ sky130_fd_sc_hd__and3b_2                                       │ 4           │
│ sky130_fd_sc_hd__and4_1                                        │ 1           │
│ sky130_fd_sc_hd__and4b_1                                       │ 1           │
│ sky130_fd_sc_hd__and4bb_1                                      │ 1           │
│ sky130_fd_sc_hd__buf_1                                         │ 13          │
│ sky130_fd_sc_hd__buf_2                                         │ 17          │
│ sky130_fd_sc_hd__buf_4                                         │ 73          │
│ sky130_fd_sc_hd__bufinv_16                                     │ 7           │
│ sky130_fd_sc_hd__clkbuf_1                                      │ 109         │
│ sky130_fd_sc_hd__clkbuf_16                                     │ 1           │
│ sky130_fd_sc_hd__clkbuf_2                                      │ 7           │
│ sky130_fd_sc_hd__clkbuf_4                                      │ 38          │
│ sky130_fd_sc_hd__clkbuf_8                                      │ 17          │
│ sky130_fd_sc_hd__clkinv_4                                      │ 3           │
│ sky130_fd_sc_hd__clkinvlp_4                                    │ 3           │
│ sky130_fd_sc_hd__decap_3                                       │ 263         │
│ sky130_fd_sc_hd__decap_4                                       │ 180         │
│ sky130_fd_sc_hd__decap_6                                       │ 144         │
│ sky130_fd_sc_hd__decap_8                                       │ 188         │
│ sky130_fd_sc_hd__dfrtp_1                                       │ 5           │
│ sky130_fd_sc_hd__dfrtp_2                                       │ 2           │
│ sky130_fd_sc_hd__dfrtp_4                                       │ 2           │
│ sky130_fd_sc_hd__dfxtp_1                                       │ 105         │
│ sky130_fd_sc_hd__dfxtp_2                                       │ 11          │
│ sky130_fd_sc_hd__dfxtp_4                                       │ 4           │
│ sky130_fd_sc_hd__diode_2                                       │ 5           │
│ sky130_fd_sc_hd__fill_1                                        │ 459         │
│ sky130_fd_sc_hd__fill_2                                        │ 200         │
│ sky130_fd_sc_hd__inv_2                                         │ 8           │
│ sky130_fd_sc_hd__mux2_1                                        │ 374         │
│ sky130_fd_sc_hd__mux2_4                                        │ 7           │
│ sky130_fd_sc_hd__mux2_8                                        │ 4           │
│ sky130_fd_sc_hd__nand2_1                                       │ 46          │
│ sky130_fd_sc_hd__nand2_2                                       │ 5           │
│ sky130_fd_sc_hd__nand2b_1                                      │ 2           │
│ sky130_fd_sc_hd__nand3_1                                       │ 2           │
│ sky130_fd_sc_hd__nand3_2                                       │ 1           │
│ sky130_fd_sc_hd__nand3b_1                                      │ 1           │
│ sky130_fd_sc_hd__nand3b_2                                      │ 2           │
│ sky130_fd_sc_hd__nor2_1                                        │ 56          │
│ sky130_fd_sc_hd__nor2_2                                        │ 11          │
│ sky130_fd_sc_hd__nor3_1                                        │ 7           │
│ sky130_fd_sc_hd__nor3b_1                                       │ 1           │
│ sky130_fd_sc_hd__nor4_2                                        │ 1           │
│ sky130_fd_sc_hd__o2111a_1                                      │ 1           │
│ sky130_fd_sc_hd__o211a_1                                       │ 22          │
│ sky130_fd_sc_hd__o211ai_1                                      │ 5           │
│ sky130_fd_sc_hd__o211ai_2                                      │ 2           │
│ sky130_fd_sc_hd__o211ai_4                                      │ 1           │
│ sky130_fd_sc_hd__o21a_1                                        │ 14          │
│ sky130_fd_sc_hd__o21ai_1                                       │ 17          │
│ sky130_fd_sc_hd__o21ai_2                                       │ 3           │
│ sky130_fd_sc_hd__o21ba_1                                       │ 3           │
│ sky130_fd_sc_hd__o221a_1                                       │ 5           │
│ sky130_fd_sc_hd__o221ai_1                                      │ 1           │
│ sky130_fd_sc_hd__o22a_1                                        │ 9           │
│ sky130_fd_sc_hd__o22a_2                                        │ 1           │
│ sky130_fd_sc_hd__o22ai_1                                       │ 1           │
│ sky130_fd_sc_hd__o22ai_2                                       │ 2           │
│ sky130_fd_sc_hd__o22ai_4                                       │ 1           │
│ sky130_fd_sc_hd__o2bb2a_1                                      │ 2           │
│ sky130_fd_sc_hd__o2bb2ai_1                                     │ 1           │
│ sky130_fd_sc_hd__o2bb2ai_2                                     │ 1           │
│ sky130_fd_sc_hd__o311a_1                                       │ 11          │
│ sky130_fd_sc_hd__o31a_1                                        │ 13          │
│ sky130_fd_sc_hd__o31ai_1                                       │ 2           │
│ sky130_fd_sc_hd__o31ai_2                                       │ 1           │
│ sky130_fd_sc_hd__o32a_1                                        │ 5           │
│ sky130_fd_sc_hd__o41a_1                                        │ 1           │
│ sky130_fd_sc_hd__or2_1                                         │ 21          │
│ sky130_fd_sc_hd__or2_2                                         │ 7           │
│ sky130_fd_sc_hd__or2_4                                         │ 1           │
│ sky130_fd_sc_hd__or3_1                                         │ 20          │
│ sky130_fd_sc_hd__or3_2                                         │ 11          │
│ sky130_fd_sc_hd__or3_4                                         │ 1           │
│ sky130_fd_sc_hd__or3b_1                                        │ 8           │
│ sky130_fd_sc_hd__or3b_2                                        │ 1           │
│ sky130_fd_sc_hd__or4_1                                         │ 2           │
│ sky130_fd_sc_hd__or4_2                                         │ 3           │
│ sky130_fd_sc_hd__or4_4                                         │ 2           │
│ sky130_fd_sc_hd__or4b_1                                        │ 2           │
│ sky130_fd_sc_hd__tapvpwrvgnd_1                                 │ 378         │
│ sky130_fd_sc_hd__xnor2_1                                       │ 38          │
│ sky130_fd_sc_hd__xnor2_2                                       │ 12          │
│ sky130_fd_sc_hd__xnor2_4                                       │ 9           │
│ sky130_fd_sc_hd__xor2_1                                        │ 26          │
│ sky130_fd_sc_hd__xor2_2                                        │ 9           │
│ sky130_fd_sc_hd__xor2_4                                        │ 10          │
└────────────────────────────────────────────────────────────────┴─────────────┘
                               Cells by Function                                
┏━━━━━━━━━━━━━━━━━━━━━━━━━━━━━━━━━━━━━━━━━━━━━━━━━━━━━━━━━━━━━━━┳━━━━━━━━━━━━━━┓
┃ Cell Function                                                 ┃ Count        ┃
┡━━━━━━━━━━━━━━━━━━━━━━━━━━━━━━━━━━━━━━━━━━━━━━━━━━━━━━━━━━━━━━━╇━━━━━━━━━━━━━━┩
│ sky130_ef_sc_hd__decap                                        │ 432          │
│ sky130_fd_sc_hd__a2111o                                       │ 1            │
│ sky130_fd_sc_hd__a211o                                        │ 20           │
│ sky130_fd_sc_hd__a211oi                                       │ 3            │
│ sky130_fd_sc_hd__a21bo                                        │ 5            │
│ sky130_fd_sc_hd__a21boi                                       │ 13           │
│ sky130_fd_sc_hd__a21o                                         │ 48           │
│ sky130_fd_sc_hd__a21oi                                        │ 35           │
│ sky130_fd_sc_hd__a221o                                        │ 12           │
│ sky130_fd_sc_hd__a22o                                         │ 9            │
│ sky130_fd_sc_hd__a2bb2o                                       │ 7            │
│ sky130_fd_sc_hd__a311o                                        │ 3            │
│ sky130_fd_sc_hd__a311oi                                       │ 1            │
│ sky130_fd_sc_hd__a31o                                         │ 31           │
│ sky130_fd_sc_hd__a31oi                                        │ 2            │
│ sky130_fd_sc_hd__a32o                                         │ 6            │
│ sky130_fd_sc_hd__a32oi                                        │ 1            │
│ sky130_fd_sc_hd__and2                                         │ 30           │
│ sky130_fd_sc_hd__and2b                                        │ 3            │
│ sky130_fd_sc_hd__and3                                         │ 19           │
│ sky130_fd_sc_hd__and3b                                        │ 20           │
│ sky130_fd_sc_hd__and4                                         │ 1            │
│ sky130_fd_sc_hd__and4b                                        │ 1            │
│ sky130_fd_sc_hd__and4bb                                       │ 1            │
│ sky130_fd_sc_hd__buf                                          │ 103          │
│ sky130_fd_sc_hd__bufinv                                       │ 7            │
│ sky130_fd_sc_hd__clkbuf                                       │ 172          │
│ sky130_fd_sc_hd__clkinv                                       │ 3            │
│ sky130_fd_sc_hd__clkinvlp                                     │ 3            │
│ sky130_fd_sc_hd__decap                                        │ 775          │
│ sky130_fd_sc_hd__dfrtp                                        │ 9            │
│ sky130_fd_sc_hd__dfxtp                                        │ 120          │
│ sky130_fd_sc_hd__diode                                        │ 5            │
│ sky130_fd_sc_hd__fill                                         │ 659          │
│ sky130_fd_sc_hd__inv                                          │ 8            │
│ sky130_fd_sc_hd__mux2                                         │ 385          │
│ sky130_fd_sc_hd__nand2                                        │ 51           │
│ sky130_fd_sc_hd__nand2b                                       │ 2            │
│ sky130_fd_sc_hd__nand3                                        │ 3            │
│ sky130_fd_sc_hd__nand3b                                       │ 3            │
│ sky130_fd_sc_hd__nor2                                         │ 67           │
│ sky130_fd_sc_hd__nor3                                         │ 7            │
│ sky130_fd_sc_hd__nor3b                                        │ 1            │
│ sky130_fd_sc_hd__nor4                                         │ 1            │
│ sky130_fd_sc_hd__o2111a                                       │ 1            │
│ sky130_fd_sc_hd__o211a                                        │ 22           │
│ sky130_fd_sc_hd__o211ai                                       │ 8            │
│ sky130_fd_sc_hd__o21a                                         │ 14           │
│ sky130_fd_sc_hd__o21ai                                        │ 20           │
│ sky130_fd_sc_hd__o21ba                                        │ 3            │
│ sky130_fd_sc_hd__o221a                                        │ 5            │
│ sky130_fd_sc_hd__o221ai                                       │ 1            │
│ sky130_fd_sc_hd__o22a                                         │ 10           │
│ sky130_fd_sc_hd__o22ai                                        │ 4            │
│ sky130_fd_sc_hd__o2bb2a                                       │ 2            │
│ sky130_fd_sc_hd__o2bb2ai                                      │ 2            │
│ sky130_fd_sc_hd__o311a                                        │ 11           │
│ sky130_fd_sc_hd__o31a                                         │ 13           │
│ sky130_fd_sc_hd__o31ai                                        │ 3            │
│ sky130_fd_sc_hd__o32a                                         │ 5            │
│ sky130_fd_sc_hd__o41a                                         │ 1            │
│ sky130_fd_sc_hd__or2                                          │ 29           │
│ sky130_fd_sc_hd__or3                                          │ 32           │
│ sky130_fd_sc_hd__or3b                                         │ 9            │
│ sky130_fd_sc_hd__or4                                          │ 7            │
│ sky130_fd_sc_hd__or4b                                         │ 2            │
│ sky130_fd_sc_hd__tapvpwrvgnd                                  │ 378          │
│ sky130_fd_sc_hd__xnor2                                        │ 59           │
│ sky130_fd_sc_hd__xor2                                         │ 45           │
└───────────────────────────────────────────────────────────────┴──────────────┘
                                  Cells by SCL                                  
┏━━━━━━━━━━━━━━━━━━━━━━━━━━━━━━━━━━━━━━━━━━━━━━━━━━━━━━━┳━━━━━━━━━━━━━━━━━━━━━━┓
┃ SCL                                                   ┃ Count                ┃
┡━━━━━━━━━━━━━━━━━━━━━━━━━━━━━━━━━━━━━━━━━━━━━━━━━━━━━━━╇━━━━━━━━━━━━━━━━━━━━━━┩
│ sky130_ef_sc_hd                                       │ 432                  │
│ sky130_fd_sc_hd                                       │ 3342                 │
└───────────────────────────────────────────────────────┴──────────────────────┘
                             Buffers by Cell Master                             
┏━━━━━━━━━━━━━━━━━━━━━━━━━━━━━━━━━━━━━━━━━━━━━━━━━━━━━━━━━━━━━━┳━━━━━━━━━━━━━━━┓
┃ Buffer                                                       ┃ Count         ┃
┡━━━━━━━━━━━━━━━━━━━━━━━━━━━━━━━━━━━━━━━━━━━━━━━━━━━━━━━━━━━━━━╇━━━━━━━━━━━━━━━┩
│ sky130_fd_sc_hd__buf_1                                       │ 13            │
│ sky130_fd_sc_hd__buf_2                                       │ 17            │
│ sky130_fd_sc_hd__buf_4                                       │ 73            │
│ sky130_fd_sc_hd__clkbuf_1                                    │ 109           │
│ sky130_fd_sc_hd__clkbuf_16                                   │ 1             │
│ sky130_fd_sc_hd__clkbuf_2                                    │ 7             │
│ sky130_fd_sc_hd__clkbuf_4                                    │ 38            │
│ sky130_fd_sc_hd__clkbuf_8                                    │ 17            │
└──────────────────────────────────────────────────────────────┴───────────────┘
