Reading OpenROAD database at '/home/nguyen2604/my_designs/des_core/runs/RUN_2025-12-17_00-49-32/36-openroad-resizertimingpostcts/des_core.odb'…
Reading library file at '/home/nguyen2604/.ciel/ciel/sky130/versions/0fe599b2afb6708d281543108caf8310912f54af/sky130A/libs.ref/sky130_fd_sc_hd/lib/sky130_fd_sc_hd__tt_025C_1v80.lib'…
Reading design constraints file at '/home/nguyen2604/my_designs/des_core/des_core.sdc'…
[INFO] No information on clock propagation in input SDC file-- propagating all clocks.
[INFO] Setting signal min routing layer to: met1 and clock min routing layer to met1. 
[INFO] Setting signal max routing layer to: met5 and clock max routing layer to met5. 
-congestion_iterations 50 -verbose -allow_congestion
[INFO GRT-0020] Min routing layer: met1
[INFO GRT-0021] Max routing layer: met5
[INFO GRT-0022] Global adjustment: 30%
[INFO GRT-0023] Grid origin: (0, 0)
[INFO GRT-0043] No OR_DEFAULT vias defined.
[INFO GRT-0088] Layer li1     Track-Pitch = 0.4600  line-2-Via Pitch: 0.3400
[INFO GRT-0088] Layer met1    Track-Pitch = 0.3400  line-2-Via Pitch: 0.3400
[INFO GRT-0088] Layer met2    Track-Pitch = 0.4600  line-2-Via Pitch: 0.3500
[INFO GRT-0088] Layer met3    Track-Pitch = 0.6800  line-2-Via Pitch: 0.6150
[INFO GRT-0088] Layer met4    Track-Pitch = 0.9200  line-2-Via Pitch: 1.0400
[INFO GRT-0088] Layer met5    Track-Pitch = 3.4000  line-2-Via Pitch: 3.1100
[INFO GRT-0019] Found 18 clock nets.
[INFO GRT-0001] Minimum degree: 2
[INFO GRT-0002] Maximum degree: 17
[INFO GRT-0003] Macros: 0
[INFO GRT-0043] No OR_DEFAULT vias defined.
[INFO GRT-0004] Blockages: 2031

[INFO GRT-0053] Routing resources analysis:
          Routing      Original      Derated      Resource
Layer     Direction    Resources     Resources    Reduction (%)
---------------------------------------------------------------
li1        Vertical            0             0          0.00%
met1       Horizontal      14306          6980          51.21%
met2       Vertical        10530          6754          35.86%
met3       Horizontal       7140          4800          32.77%
met4       Vertical         4212          2632          37.51%
met5       Horizontal       1428           700          50.98%
---------------------------------------------------------------

[INFO GRT-0101] Running extra iterations to remove overflow.
[INFO GRT-0197] Via related to pin nodes: 8907
[INFO GRT-0198] Via related Steiner nodes: 153
[INFO GRT-0199] Via filling finished.
[INFO GRT-0111] Final number of vias: 11112
[INFO GRT-0112] Final usage 3D: 39290

[INFO GRT-0096] Final congestion report:
Layer         Resource        Demand        Usage (%)    Max H / Max V / Total Overflow
---------------------------------------------------------------------------------------
li1                  0             0            0.00%             0 /  0 /  0
met1              6980          2720           38.97%             0 /  0 /  0
met2              6754          2938           43.50%             0 /  0 /  0
met3              4800           162            3.38%             0 /  0 /  0
met4              2632           134            5.09%             0 /  0 /  0
met5               700             0            0.00%             0 /  0 /  0
---------------------------------------------------------------------------------------
Total            21866          5954           27.23%             0 /  0 /  0

[INFO GRT-0018] Total wirelength: 66778 um
[INFO GRT-0014] Routed nets: 1634
%OL_CREATE_REPORT antenna.rpt
[INFO GRT-0043] No OR_DEFAULT vias defined.
Net: _0276_
  Pin:   fanout199/A (sky130_fd_sc_hd__clkbuf_2)
    Layer: mcon
      Partial area ratio:    0.14
      Required ratio:    3.00 (Gate area) 
      Cumulative area ratio:    0.14
      Required ratio:    0.00 (Cumulative area) 

    Layer: met1
      Partial area ratio:    3.46
      Required ratio:    0.00 (Gate area) 
      Cumulative area ratio:    3.46
      Required ratio:    0.00 (Cumulative area) 
      Partial area ratio:   16.45
      Required ratio:  400.00 (Side area) 
      Cumulative area ratio:   16.45
      Required ratio:    0.00 (Cumulative side area) 

    Layer: via
      Partial area ratio:    0.21
      Required ratio:    6.00 (Gate area) 
      Cumulative area ratio:    0.35
      Required ratio:    0.00 (Cumulative area) 

    Layer: met2
      Partial area ratio:    5.69
      Required ratio:    0.00 (Gate area) 
      Cumulative area ratio:    9.16
      Required ratio:    0.00 (Cumulative area) 
      Partial area ratio:   27.84
      Required ratio: 2779.60 (Side area) 
      Cumulative area ratio:   44.28
      Required ratio:    0.00 (Cumulative side area) 


  Pin:   fanout202/A (sky130_fd_sc_hd__clkbuf_4)
    Layer: mcon
      Partial area ratio:    0.14
      Required ratio:    3.00 (Gate area) 
      Cumulative area ratio:    0.14
      Required ratio:    0.00 (Cumulative area) 

    Layer: met1
      Partial area ratio:   84.42
      Required ratio:    0.00 (Gate area) 
      Cumulative area ratio:   84.42
      Required ratio:    0.00 (Cumulative area) 
      Partial area ratio:  420.71
      Required ratio:  400.00 (Side area) (VIOLATED)
      Cumulative area ratio:  420.71
      Required ratio:    0.00 (Cumulative side area) 

    Layer: via
      Partial area ratio:    0.32
      Required ratio:    6.00 (Gate area) 
      Cumulative area ratio:    0.45
      Required ratio:    0.00 (Cumulative area) 

    Layer: met2
      Partial area ratio:    5.69
      Required ratio:    0.00 (Gate area) 
      Cumulative area ratio:   90.11
      Required ratio:    0.00 (Cumulative area) 
      Partial area ratio:   27.84
      Required ratio: 2779.60 (Side area) 
      Cumulative area ratio:  448.54
      Required ratio:    0.00 (Cumulative side area) 



Net: _0509_
  Pin:   _1109_/B (sky130_fd_sc_hd__and2_1)
    Layer: mcon
      Partial area ratio:    0.23
      Required ratio:    3.00 (Gate area) 
      Cumulative area ratio:    0.23
      Required ratio:    0.00 (Cumulative area) 

    Layer: met1
      Partial area ratio:   17.80
      Required ratio:    0.00 (Gate area) 
      Cumulative area ratio:   17.80
      Required ratio:    0.00 (Cumulative area) 
      Partial area ratio:   87.53
      Required ratio:  400.00 (Side area) 
      Cumulative area ratio:   87.53
      Required ratio:    0.00 (Cumulative side area) 

    Layer: via
      Partial area ratio:    0.36
      Required ratio:    6.00 (Gate area) 
      Cumulative area ratio:    0.59
      Required ratio:    0.00 (Cumulative area) 

    Layer: met2
      Partial area ratio:   24.33
      Required ratio:    0.00 (Gate area) 
      Cumulative area ratio:   42.13
      Required ratio:    0.00 (Cumulative area) 
      Partial area ratio:  120.77
      Required ratio: 2848.40 (Side area) 
      Cumulative area ratio:  208.29
      Required ratio:    0.00 (Cumulative side area) 


  Pin:   _2184_/B (sky130_fd_sc_hd__and2_1)
    Layer: mcon
      Partial area ratio:    0.23
      Required ratio:    3.00 (Gate area) 
      Cumulative area ratio:    0.23
      Required ratio:    0.00 (Cumulative area) 

    Layer: met1
      Partial area ratio:   88.99
      Required ratio:    0.00 (Gate area) 
      Cumulative area ratio:   88.99
      Required ratio:    0.00 (Cumulative area) 
      Partial area ratio:  443.50
      Required ratio:  400.00 (Side area) (VIOLATED)
      Cumulative area ratio:  443.50
      Required ratio:    0.00 (Cumulative side area) 

    Layer: via
      Partial area ratio:    0.36
      Required ratio:    6.00 (Gate area) 
      Cumulative area ratio:    0.59
      Required ratio:    0.00 (Cumulative area) 

    Layer: met2
      Partial area ratio:   24.33
      Required ratio:    0.00 (Gate area) 
      Cumulative area ratio:  113.33
      Required ratio:    0.00 (Cumulative area) 
      Partial area ratio:  120.77
      Required ratio: 2848.40 (Side area) 
      Cumulative area ratio:  564.27
      Required ratio:    0.00 (Cumulative side area) 


  Pin:   _2196_/B (sky130_fd_sc_hd__and2_1)
    Layer: mcon
      Partial area ratio:    0.23
      Required ratio:    3.00 (Gate area) 
      Cumulative area ratio:    0.23
      Required ratio:    0.00 (Cumulative area) 

    Layer: met1
      Partial area ratio:    8.76
      Required ratio:    0.00 (Gate area) 
      Cumulative area ratio:    8.76
      Required ratio:    0.00 (Cumulative area) 
      Partial area ratio:   41.69
      Required ratio:  400.00 (Side area) 
      Cumulative area ratio:   41.69
      Required ratio:    0.00 (Cumulative side area) 

    Layer: via
      Partial area ratio:    0.36
      Required ratio:    6.00 (Gate area) 
      Cumulative area ratio:    0.59
      Required ratio:    0.00 (Cumulative area) 

    Layer: met2
      Partial area ratio:   24.33
      Required ratio:    0.00 (Gate area) 
      Cumulative area ratio:   33.10
      Required ratio:    0.00 (Cumulative area) 
      Partial area ratio:  120.77
      Required ratio: 2848.40 (Side area) 
      Cumulative area ratio:  162.46
      Required ratio:    0.00 (Cumulative side area) 


  Pin:   _2200_/B (sky130_fd_sc_hd__and2_1)
    Layer: mcon
      Partial area ratio:    0.23
      Required ratio:    3.00 (Gate area) 
      Cumulative area ratio:    0.23
      Required ratio:    0.00 (Cumulative area) 

    Layer: met1
      Partial area ratio:    8.76
      Required ratio:    0.00 (Gate area) 
      Cumulative area ratio:    8.76
      Required ratio:    0.00 (Cumulative area) 
      Partial area ratio:   41.69
      Required ratio:  400.00 (Side area) 
      Cumulative area ratio:   41.69
      Required ratio:    0.00 (Cumulative side area) 

    Layer: via
      Partial area ratio:    0.36
      Required ratio:    6.00 (Gate area) 
      Cumulative area ratio:    0.59
      Required ratio:    0.00 (Cumulative area) 

    Layer: met2
      Partial area ratio:   24.33
      Required ratio:    0.00 (Gate area) 
      Cumulative area ratio:   33.10
      Required ratio:    0.00 (Cumulative area) 
      Partial area ratio:  120.77
      Required ratio: 2848.40 (Side area) 
      Cumulative area ratio:  162.46
      Required ratio:    0.00 (Cumulative side area) 


  Pin:   fanout247/A (sky130_fd_sc_hd__clkbuf_4)
    Layer: mcon
      Partial area ratio:    0.14
      Required ratio:    3.00 (Gate area) 
      Cumulative area ratio:    0.14
      Required ratio:    0.00 (Cumulative area) 

    Layer: met1
      Partial area ratio:   11.84
      Required ratio:    0.00 (Gate area) 
      Cumulative area ratio:   11.84
      Required ratio:    0.00 (Cumulative area) 
      Partial area ratio:   58.35
      Required ratio:  400.00 (Side area) 
      Cumulative area ratio:   58.35
      Required ratio:    0.00 (Cumulative side area) 

    Layer: via
      Partial area ratio:    0.21
      Required ratio:    6.00 (Gate area) 
      Cumulative area ratio:    0.35
      Required ratio:    0.00 (Cumulative area) 

    Layer: met2
      Partial area ratio:   24.33
      Required ratio:    0.00 (Gate area) 
      Cumulative area ratio:   36.18
      Required ratio:    0.00 (Cumulative area) 
      Partial area ratio:  120.77
      Required ratio: 2848.40 (Side area) 
      Cumulative area ratio:  179.12
      Required ratio:    0.00 (Cumulative side area) 



[INFO ANT-0002] Found 2 net violations.
[INFO ANT-0001] Found 2 pin violations.
%OL_END_REPORT
[INFO] Setting RC values…
Setting global connections for newly added cells…
[INFO] Setting global connections...
Updating metrics…
Cell type report:                       Count       Area
  Fill cell                               122     457.94
  Tap cell                                378     472.95
  Clock buffer                             19     266.51
  Timing Repair Buffer                    256    1403.85
  Inverter                                  8      30.03
  Clock inverter                           13     259.00
  Sequential cell                         129    2666.31
  Multi-Input combinational cell         1100   10334.91
  Total                                  2025   15891.49
Writing OpenROAD database to '/home/nguyen2604/my_designs/des_core/runs/RUN_2025-12-17_00-49-32/38-openroad-globalrouting/des_core.odb'…
Writing layout to '/home/nguyen2604/my_designs/des_core/runs/RUN_2025-12-17_00-49-32/38-openroad-globalrouting/des_core.def'…
