Reading OpenROAD database at '/home/nguyen2604/my_designs/des_core/runs/RUN_2025-12-17_00-49-32/23-openroad-globalplacementskipio/des_core.odb'…
Reading library file at '/home/nguyen2604/.ciel/ciel/sky130/versions/0fe599b2afb6708d281543108caf8310912f54af/sky130A/libs.ref/sky130_fd_sc_hd/lib/sky130_fd_sc_hd__tt_025C_1v80.lib'…
Reading design constraints file at '/home/nguyen2604/my_designs/des_core/des_core.sdc'…
[INFO] No information on clock propagation in input SDC file-- propagating all clocks.
[INFO] place_pins args: -min_distance 3
Found 0 macro blocks.
[INFO PPL-0010] Tentative 0 to set up sections.
[INFO PPL-0001] Number of slots           224
[INFO PPL-0002] Number of I/O             197
[INFO PPL-0003] Number of I/O w/sink      189
[INFO PPL-0004] Number of I/O w/o sink    8
[INFO PPL-0005] Slots per section         200
[INFO PPL-0006] Slots increase factor     0.01
[INFO PPL-0008] Successfully assigned pins to sections.
[INFO PPL-0012] I/O nets HPWL: 12650.29 um.
Setting global connections for newly added cells…
[INFO] Setting global connections...
Updating metrics…
Cell type report:                       Count       Area
  Fill cell                               122     457.94
  Tap cell                                378     472.95
  Inverter                                  8      30.03
  Sequential cell                         129    2788.92
  Multi-Input combinational cell         1100   11353.39
  Total                                  1737   15103.24
Writing OpenROAD database to '/home/nguyen2604/my_designs/des_core/runs/RUN_2025-12-17_00-49-32/24-openroad-ioplacement/des_core.odb'…
Writing netlist to '/home/nguyen2604/my_designs/des_core/runs/RUN_2025-12-17_00-49-32/24-openroad-ioplacement/des_core.nl.v'…
Writing powered netlist to '/home/nguyen2604/my_designs/des_core/runs/RUN_2025-12-17_00-49-32/24-openroad-ioplacement/des_core.pnl.v'…
Writing layout to '/home/nguyen2604/my_designs/des_core/runs/RUN_2025-12-17_00-49-32/24-openroad-ioplacement/des_core.def'…
Writing timing constraints to '/home/nguyen2604/my_designs/des_core/runs/RUN_2025-12-17_00-49-32/24-openroad-ioplacement/des_core.sdc'…
