
===========================================================================
report_checks -unconstrained
===========================================================================
======================= nom_ff_n40C_1v95 Corner ===================================

Startpoint: rst_n (input port clocked by clk)
Endpoint: _2250_ (recovery check against rising-edge clock clk)
Path Group: asynchronous
Path Type: max

Fanout         Cap        Slew       Delay        Time   Description
---------------------------------------------------------------------------------------------
                                  0.000000    0.000000   clock clk (rise edge)
                                  0.000000    0.000000   clock network delay (propagated)
                                  2.000000    2.000000 ^ input external delay
     1    0.003074    0.014894    0.007959    2.007959 ^ rst_n (in)
                                                         rst_n (net)
                      0.014899    0.000000    2.007959 ^ input123/A (sky130_fd_sc_hd__clkbuf_4)
     9    0.044090    0.105076    0.135451    2.143410 ^ input123/X (sky130_fd_sc_hd__clkbuf_4)
                                                         net123 (net)
                      0.105143    0.001485    2.144895 ^ _2250_/RESET_B (sky130_fd_sc_hd__dfrtp_4)
                                              2.144895   data arrival time

                                 10.000000   10.000000   clock clk (rise edge)
                                  0.000000   10.000000   clock source latency
     1    0.030301    0.000000    0.000000   10.000000 ^ clk (in)
                                                         clk (net)
                      0.004438    0.002219   10.002219 ^ clkbuf_0_clk/A (sky130_fd_sc_hd__clkbuf_16)
    16    0.125254    0.107030    0.133171   10.135389 ^ clkbuf_0_clk/X (sky130_fd_sc_hd__clkbuf_16)
                                                         clknet_0_clk (net)
                      0.108330    0.009355   10.144745 ^ clkbuf_4_5_0_clk/A (sky130_fd_sc_hd__clkbuf_8)
    13    0.041078    0.062995    0.128305   10.273050 ^ clkbuf_4_5_0_clk/X (sky130_fd_sc_hd__clkbuf_8)
                                                         clknet_4_5_0_clk (net)
                      0.063016    0.001123   10.274173 ^ _2250_/CLK (sky130_fd_sc_hd__dfrtp_4)
                                  0.000000   10.274173   clock reconvergence pessimism
                                  0.112772   10.386944   library recovery time
                                             10.386944   data required time
---------------------------------------------------------------------------------------------
                                             10.386944   data required time
                                             -2.144895   data arrival time
---------------------------------------------------------------------------------------------
                                              8.242049   slack (MET)


Startpoint: des_data[63] (input port clocked by clk)
Endpoint: _2219_ (rising edge-triggered flip-flop clocked by clk)
Path Group: clk
Path Type: max

Fanout         Cap        Slew       Delay        Time   Description
---------------------------------------------------------------------------------------------
                                  0.000000    0.000000   clock clk (rise edge)
                                  0.000000    0.000000   clock network delay (propagated)
                                  2.000000    2.000000 v input external delay
     1    0.002964    0.004958    0.002426    2.002426 v des_data[63] (in)
                                                         des_data[63] (net)
                      0.004959    0.000000    2.002426 v input60/A (sky130_fd_sc_hd__clkbuf_1)
     1    0.005495    0.027809    0.055371    2.057796 v input60/X (sky130_fd_sc_hd__clkbuf_1)
                                                         net60 (net)
                      0.027810    0.000217    2.058013 v _1284_/A (sky130_fd_sc_hd__or3_1)
     3    0.010471    0.071089    0.245740    2.303753 v _1284_/X (sky130_fd_sc_hd__or3_1)
                                                         _0682_ (net)
                      0.071089    0.000220    2.303974 v _1369_/C (sky130_fd_sc_hd__and3b_2)
     4    0.024092    0.061344    0.184275    2.488249 v _1369_/X (sky130_fd_sc_hd__and3b_2)
                                                         _0765_ (net)
                      0.061411    0.001817    2.490066 v _1379_/A (sky130_fd_sc_hd__nor4_2)
     7    0.028235    0.498591    0.456965    2.947030 ^ _1379_/Y (sky130_fd_sc_hd__nor4_2)
                                                         _0775_ (net)
                      0.498591    0.000322    2.947352 ^ _1381_/A (sky130_fd_sc_hd__nor2_1)
     4    0.016094    0.139191    0.099581    3.046933 v _1381_/Y (sky130_fd_sc_hd__nor2_1)
                                                         _0777_ (net)
                      0.139191    0.000202    3.047135 v _1396_/A2 (sky130_fd_sc_hd__o2111a_1)
     1    0.002949    0.031660    0.183625    3.230760 v _1396_/X (sky130_fd_sc_hd__o2111a_1)
                                                         _0792_ (net)
                      0.031660    0.000111    3.230870 v _1397_/B1 (sky130_fd_sc_hd__a211o_1)
     1    0.002749    0.033117    0.119906    3.350776 v _1397_/X (sky130_fd_sc_hd__a211o_1)
                                                         _0793_ (net)
                      0.033117    0.000082    3.350859 v _1398_/A1 (sky130_fd_sc_hd__mux2_1)
     1    0.023071    0.108136    0.224713    3.575572 v _1398_/X (sky130_fd_sc_hd__mux2_1)
                                                         _0794_ (net)
                      0.108187    0.002170    3.577742 v _1400_/A (sky130_fd_sc_hd__xor2_1)
     1    0.002267    0.042947    0.122820    3.700561 v _1400_/X (sky130_fd_sc_hd__xor2_1)
                                                         _0796_ (net)
                      0.042947    0.000045    3.700606 v _1401_/A1 (sky130_fd_sc_hd__mux2_1)
     1    0.002169    0.035611    0.145776    3.846381 v _1401_/X (sky130_fd_sc_hd__mux2_1)
                                                         _0005_ (net)
                      0.035611    0.000061    3.846443 v _2219_/D (sky130_fd_sc_hd__dfxtp_1)
                                              3.846443   data arrival time

                                 10.000000   10.000000   clock clk (rise edge)
                                  0.000000   10.000000   clock source latency
     1    0.030301    0.000000    0.000000   10.000000 ^ clk (in)
                                                         clk (net)
                      0.004438    0.002219   10.002219 ^ clkbuf_0_clk/A (sky130_fd_sc_hd__clkbuf_16)
    16    0.125254    0.107030    0.133171   10.135389 ^ clkbuf_0_clk/X (sky130_fd_sc_hd__clkbuf_16)
                                                         clknet_0_clk (net)
                      0.107320    0.004498   10.139888 ^ clkbuf_4_10_0_clk/A (sky130_fd_sc_hd__clkbuf_8)
     7    0.036869    0.057942    0.124508   10.264396 ^ clkbuf_4_10_0_clk/X (sky130_fd_sc_hd__clkbuf_8)
                                                         clknet_4_10_0_clk (net)
                      0.057955    0.000858   10.265254 ^ _2219_/CLK (sky130_fd_sc_hd__dfxtp_1)
                                  0.000000   10.265254   clock reconvergence pessimism
                                 -0.068794   10.196460   library setup time
                                             10.196460   data required time
---------------------------------------------------------------------------------------------
                                             10.196460   data required time
                                             -3.846443   data arrival time
---------------------------------------------------------------------------------------------
                                              6.350017   slack (MET)




===========================================================================
report_checks --slack_max -0.01
============================================================================
======================= nom_ff_n40C_1v95 Corner ===================================

No paths found.


===========================================================================
 report_check_types -max_slew -max_cap -max_fanout -violators
============================================================================
======================= nom_ff_n40C_1v95 Corner ===================================

max fanout

Pin                                   Limit Fanout  Slack
---------------------------------------------------------
clkbuf_0_clk/X                           10     16     -6 (VIOLATED)
clkbuf_4_5_0_clk/X                       10     13     -3 (VIOLATED)
clkbuf_4_15_0_clk/X                      10     12     -2 (VIOLATED)
clkbuf_4_9_0_clk/X                       10     11        (VIOLATED)



===========================================================================
report_parasitic_annotation -report_unannotated
============================================================================
Found 23 unannotated drivers.
 des_key_in[0]
 des_key_in[16]
 des_key_in[24]
 des_key_in[32]
 des_key_in[40]
 des_key_in[48]
 des_key_in[56]
 des_key_in[8]
 clkload0/Y
 clkload1/Y
 clkload10/Y
 clkload11/Y
 clkload12/Y
 clkload13/Y
 clkload14/Y
 clkload2/Y
 clkload3/Y
 clkload4/Y
 clkload5/X
 clkload6/Y
 clkload7/Y
 clkload8/Y
 clkload9/X
Found 0 partially unannotated drivers.

===========================================================================
max slew violation count 0
max fanout violation count 4
max cap violation count 0
============================================================================

===========================================================================
check_setup -verbose -unconstrained_endpoints -multiple_clock -no_clock -no_input_delay -loops -generated_clocks
===========================================================================
