
===========================================================================
report_checks -unconstrained
===========================================================================
======================= nom_ss_100C_1v60 Corner ===================================

Startpoint: rst_n (input port clocked by clk)
Endpoint: _2247_ (recovery check against rising-edge clock clk)
Path Group: asynchronous
Path Type: max

Fanout         Cap        Slew       Delay        Time   Description
---------------------------------------------------------------------------------------------
                      0.000000    0.000000    0.000000   clock clk (rise edge)
                                  0.000000    0.000000   clock network delay (ideal)
                                  2.000000    2.000000 ^ input external delay
     9    0.029367    0.218031    0.148180    2.148180 ^ rst_n (in)
                                                         rst_n (net)
                      0.218031    0.000000    2.148180 ^ _2247_/RESET_B (sky130_fd_sc_hd__dfrtp_2)
                                              2.148180   data arrival time

                      0.000000   10.000000   10.000000   clock clk (rise edge)
                                  0.000000   10.000000   clock network delay (ideal)
                                  0.000000   10.000000   clock reconvergence pessimism
                                             10.000000 ^ _2247_/CLK (sky130_fd_sc_hd__dfrtp_2)
                                  0.357580   10.357580   library recovery time
                                             10.357580   data required time
---------------------------------------------------------------------------------------------
                                             10.357580   data required time
                                             -2.148180   data arrival time
---------------------------------------------------------------------------------------------
                                              8.209400   slack (MET)


Startpoint: _2255_ (rising edge-triggered flip-flop clocked by clk)
Endpoint: _2236_ (rising edge-triggered flip-flop clocked by clk)
Path Group: clk
Path Type: max

Fanout         Cap        Slew       Delay        Time   Description
---------------------------------------------------------------------------------------------
                      0.000000    0.000000    0.000000   clock clk (rise edge)
                                  0.000000    0.000000   clock network delay (ideal)
                      0.000000    0.000000    0.000000 ^ _2255_/CLK (sky130_fd_sc_hd__dfrtp_2)
     5    0.022788    0.167300    0.882945    0.882945 v _2255_/Q (sky130_fd_sc_hd__dfrtp_2)
                                                         rcounter[3] (net)
                      0.167300    0.000000    0.882945 v _1112_/B (sky130_fd_sc_hd__or3_2)
    18    0.029462    0.310512    1.308940    2.191886 v _1112_/X (sky130_fd_sc_hd__or3_2)
                                                         _0512_ (net)
                      0.310512    0.000000    2.191886 v _1115_/A (sky130_fd_sc_hd__nor2_2)
    43    0.144308    2.440822    1.989714    4.181600 ^ _1115_/Y (sky130_fd_sc_hd__nor2_2)
                                                         _0515_ (net)
                      2.440822    0.000000    4.181600 ^ _1317_/S (sky130_fd_sc_hd__mux2_1)
     5    0.034245    0.371564    1.403446    5.585046 v _1317_/X (sky130_fd_sc_hd__mux2_1)
                                                         _0714_ (net)
                      0.371564    0.000000    5.585046 v _1319_/B (sky130_fd_sc_hd__xnor2_2)
    13    0.049242    0.994830    0.924522    6.509568 ^ _1319_/Y (sky130_fd_sc_hd__xnor2_2)
                                                         _0716_ (net)
                      0.994830    0.000000    6.509568 ^ _1350_/B1 (sky130_fd_sc_hd__a21oi_2)
     4    0.010143    0.220525    0.301840    6.811408 v _1350_/Y (sky130_fd_sc_hd__a21oi_2)
                                                         _0747_ (net)
                      0.220525    0.000000    6.811408 v _1739_/B (sky130_fd_sc_hd__and3_2)
     1    0.001389    0.064158    0.458202    7.269610 v _1739_/X (sky130_fd_sc_hd__and3_2)
                                                         _0139_ (net)
                      0.064158    0.000000    7.269610 v _1741_/B (sky130_fd_sc_hd__or4b_2)
     1    0.002266    0.208478    1.463214    8.732824 v _1741_/X (sky130_fd_sc_hd__or4b_2)
                                                         _0141_ (net)
                      0.208478    0.000000    8.732824 v _1747_/A1 (sky130_fd_sc_hd__a32o_2)
     1    0.008431    0.094991    0.527999    9.260823 v _1747_/X (sky130_fd_sc_hd__a32o_2)
                                                         _0147_ (net)
                      0.094991    0.000000    9.260823 v _1749_/A (sky130_fd_sc_hd__xnor2_2)
     1    0.001763    0.074921    0.223025    9.483849 v _1749_/Y (sky130_fd_sc_hd__xnor2_2)
                                                         _0149_ (net)
                      0.074921    0.000000    9.483849 v _1750_/A1 (sky130_fd_sc_hd__mux2_1)
     1    0.001577    0.100680    0.630202   10.114050 v _1750_/X (sky130_fd_sc_hd__mux2_1)
                                                         _0022_ (net)
                      0.100680    0.000000   10.114050 v _2236_/D (sky130_fd_sc_hd__dfxtp_2)
                                             10.114050   data arrival time

                      0.000000   10.000000   10.000000   clock clk (rise edge)
                                  0.000000   10.000000   clock network delay (ideal)
                                  0.000000   10.000000   clock reconvergence pessimism
                                             10.000000 ^ _2236_/CLK (sky130_fd_sc_hd__dfxtp_2)
                                 -0.306109    9.693892   library setup time
                                              9.693892   data required time
---------------------------------------------------------------------------------------------
                                              9.693892   data required time
                                            -10.114050   data arrival time
---------------------------------------------------------------------------------------------
                                             -0.420159   slack (VIOLATED)




===========================================================================
report_checks --slack_max -0.01
============================================================================
======================= nom_ss_100C_1v60 Corner ===================================

Startpoint: _2255_ (rising edge-triggered flip-flop clocked by clk)
Endpoint: _2236_ (rising edge-triggered flip-flop clocked by clk)
Path Group: clk
Path Type: max

Fanout         Cap        Slew       Delay        Time   Description
---------------------------------------------------------------------------------------------
                      0.000000    0.000000    0.000000   clock clk (rise edge)
                                  0.000000    0.000000   clock network delay (ideal)
                      0.000000    0.000000    0.000000 ^ _2255_/CLK (sky130_fd_sc_hd__dfrtp_2)
     5    0.022788    0.167300    0.882945    0.882945 v _2255_/Q (sky130_fd_sc_hd__dfrtp_2)
                                                         rcounter[3] (net)
                      0.167300    0.000000    0.882945 v _1112_/B (sky130_fd_sc_hd__or3_2)
    18    0.029462    0.310512    1.308940    2.191886 v _1112_/X (sky130_fd_sc_hd__or3_2)
                                                         _0512_ (net)
                      0.310512    0.000000    2.191886 v _1115_/A (sky130_fd_sc_hd__nor2_2)
    43    0.144308    2.440822    1.989714    4.181600 ^ _1115_/Y (sky130_fd_sc_hd__nor2_2)
                                                         _0515_ (net)
                      2.440822    0.000000    4.181600 ^ _1317_/S (sky130_fd_sc_hd__mux2_1)
     5    0.034245    0.371564    1.403446    5.585046 v _1317_/X (sky130_fd_sc_hd__mux2_1)
                                                         _0714_ (net)
                      0.371564    0.000000    5.585046 v _1319_/B (sky130_fd_sc_hd__xnor2_2)
    13    0.049242    0.994830    0.924522    6.509568 ^ _1319_/Y (sky130_fd_sc_hd__xnor2_2)
                                                         _0716_ (net)
                      0.994830    0.000000    6.509568 ^ _1350_/B1 (sky130_fd_sc_hd__a21oi_2)
     4    0.010143    0.220525    0.301840    6.811408 v _1350_/Y (sky130_fd_sc_hd__a21oi_2)
                                                         _0747_ (net)
                      0.220525    0.000000    6.811408 v _1739_/B (sky130_fd_sc_hd__and3_2)
     1    0.001389    0.064158    0.458202    7.269610 v _1739_/X (sky130_fd_sc_hd__and3_2)
                                                         _0139_ (net)
                      0.064158    0.000000    7.269610 v _1741_/B (sky130_fd_sc_hd__or4b_2)
     1    0.002266    0.208478    1.463214    8.732824 v _1741_/X (sky130_fd_sc_hd__or4b_2)
                                                         _0141_ (net)
                      0.208478    0.000000    8.732824 v _1747_/A1 (sky130_fd_sc_hd__a32o_2)
     1    0.008431    0.094991    0.527999    9.260823 v _1747_/X (sky130_fd_sc_hd__a32o_2)
                                                         _0147_ (net)
                      0.094991    0.000000    9.260823 v _1749_/A (sky130_fd_sc_hd__xnor2_2)
     1    0.001763    0.074921    0.223025    9.483849 v _1749_/Y (sky130_fd_sc_hd__xnor2_2)
                                                         _0149_ (net)
                      0.074921    0.000000    9.483849 v _1750_/A1 (sky130_fd_sc_hd__mux2_1)
     1    0.001577    0.100680    0.630202   10.114050 v _1750_/X (sky130_fd_sc_hd__mux2_1)
                                                         _0022_ (net)
                      0.100680    0.000000   10.114050 v _2236_/D (sky130_fd_sc_hd__dfxtp_2)
                                             10.114050   data arrival time

                      0.000000   10.000000   10.000000   clock clk (rise edge)
                                  0.000000   10.000000   clock network delay (ideal)
                                  0.000000   10.000000   clock reconvergence pessimism
                                             10.000000 ^ _2236_/CLK (sky130_fd_sc_hd__dfxtp_2)
                                 -0.306109    9.693892   library setup time
                                              9.693892   data required time
---------------------------------------------------------------------------------------------
                                              9.693892   data required time
                                            -10.114050   data arrival time
---------------------------------------------------------------------------------------------
                                             -0.420159   slack (VIOLATED)




===========================================================================
 report_check_types -max_slew -max_cap -max_fanout -violators
============================================================================
======================= nom_ss_100C_1v60 Corner ===================================

max slew

Pin                                        Limit        Slew       Slack
------------------------------------------------------------------------
_1889_/Y                                1.496266    3.161096   -1.664830 (VIOLATED)
_1890_/S                                1.500000    3.161096   -1.661096 (VIOLATED)
_1891_/S                                1.500000    3.161096   -1.661096 (VIOLATED)
_1895_/S                                1.500000    3.161096   -1.661096 (VIOLATED)
_1896_/S                                1.500000    3.161096   -1.661096 (VIOLATED)
_1900_/S                                1.500000    3.161096   -1.661096 (VIOLATED)
_1902_/S                                1.500000    3.161096   -1.661096 (VIOLATED)
_1907_/S                                1.500000    3.161096   -1.661096 (VIOLATED)
_1912_/S                                1.500000    3.161096   -1.661096 (VIOLATED)
_1917_/S                                1.500000    3.161096   -1.661096 (VIOLATED)
_1922_/S                                1.500000    3.161096   -1.661096 (VIOLATED)
_1927_/S                                1.500000    3.161096   -1.661096 (VIOLATED)
_1932_/S                                1.500000    3.161096   -1.661096 (VIOLATED)
_1937_/S                                1.500000    3.161096   -1.661096 (VIOLATED)
_1942_/S                                1.500000    3.161096   -1.661096 (VIOLATED)
_1947_/S                                1.500000    3.161096   -1.661096 (VIOLATED)
_1952_/S                                1.500000    3.161096   -1.661096 (VIOLATED)
_1957_/S                                1.500000    3.161096   -1.661096 (VIOLATED)
_1962_/S                                1.500000    3.161096   -1.661096 (VIOLATED)
_1967_/S                                1.500000    3.161096   -1.661096 (VIOLATED)
_1972_/S                                1.500000    3.161096   -1.661096 (VIOLATED)
_1977_/S                                1.500000    3.161096   -1.661096 (VIOLATED)
_1982_/S                                1.500000    3.161096   -1.661096 (VIOLATED)
_1987_/S                                1.500000    3.161096   -1.661096 (VIOLATED)
_1992_/S                                1.500000    3.161096   -1.661096 (VIOLATED)
_1997_/S                                1.500000    3.161096   -1.661096 (VIOLATED)
_2002_/S                                1.500000    3.161096   -1.661096 (VIOLATED)
_2007_/S                                1.500000    3.161096   -1.661096 (VIOLATED)
_2012_/S                                1.500000    3.161096   -1.661096 (VIOLATED)
_2032_/S                                1.500000    3.161096   -1.661096 (VIOLATED)
_2033_/S                                1.500000    3.161096   -1.661096 (VIOLATED)
_2035_/S                                1.500000    3.161096   -1.661096 (VIOLATED)
_2036_/S                                1.500000    3.161096   -1.661096 (VIOLATED)
_2040_/S                                1.500000    3.161096   -1.661096 (VIOLATED)
_2041_/S                                1.500000    3.161096   -1.661096 (VIOLATED)
_2047_/S                                1.500000    3.161096   -1.661096 (VIOLATED)
_2052_/S                                1.500000    3.161096   -1.661096 (VIOLATED)
_2057_/S                                1.500000    3.161096   -1.661096 (VIOLATED)
_2062_/S                                1.500000    3.161096   -1.661096 (VIOLATED)
_2067_/S                                1.500000    3.161096   -1.661096 (VIOLATED)
_2072_/S                                1.500000    3.161096   -1.661096 (VIOLATED)
_2077_/S                                1.500000    3.161096   -1.661096 (VIOLATED)
_2082_/S                                1.500000    3.161096   -1.661096 (VIOLATED)
_2087_/S                                1.500000    3.161096   -1.661096 (VIOLATED)
_2092_/S                                1.500000    3.161096   -1.661096 (VIOLATED)
_2097_/S                                1.500000    3.161096   -1.661096 (VIOLATED)
_2102_/S                                1.500000    3.161096   -1.661096 (VIOLATED)
_2107_/S                                1.500000    3.161096   -1.661096 (VIOLATED)
_2112_/S                                1.500000    3.161096   -1.661096 (VIOLATED)
_2117_/S                                1.500000    3.161096   -1.661096 (VIOLATED)
_2122_/S                                1.500000    3.161096   -1.661096 (VIOLATED)
_2127_/S                                1.500000    3.161096   -1.661096 (VIOLATED)
_2132_/S                                1.500000    3.161096   -1.661096 (VIOLATED)
_2136_/S                                1.500000    3.161096   -1.661096 (VIOLATED)
_2142_/S                                1.500000    3.161096   -1.661096 (VIOLATED)
_2147_/S                                1.500000    3.161096   -1.661096 (VIOLATED)
_2152_/S                                1.500000    3.161096   -1.661096 (VIOLATED)
_1115_/Y                                1.496266    2.440822   -0.944556 (VIOLATED)
_1116_/S                                1.500000    2.440822   -0.940822 (VIOLATED)
_1177_/S                                1.500000    2.440822   -0.940822 (VIOLATED)
_1180_/S                                1.500000    2.440822   -0.940822 (VIOLATED)
_1189_/S                                1.500000    2.440822   -0.940822 (VIOLATED)
_1246_/S                                1.500000    2.440822   -0.940822 (VIOLATED)
_1249_/S                                1.500000    2.440822   -0.940822 (VIOLATED)
_1281_/S                                1.500000    2.440822   -0.940822 (VIOLATED)
_1308_/S                                1.500000    2.440822   -0.940822 (VIOLATED)
_1317_/S                                1.500000    2.440822   -0.940822 (VIOLATED)
_1330_/S                                1.500000    2.440822   -0.940822 (VIOLATED)
_1357_/S                                1.500000    2.440822   -0.940822 (VIOLATED)
_1383_/S                                1.500000    2.440822   -0.940822 (VIOLATED)
_1399_/S                                1.500000    2.440822   -0.940822 (VIOLATED)
_1407_/S                                1.500000    2.440822   -0.940822 (VIOLATED)
_1447_/S                                1.500000    2.440822   -0.940822 (VIOLATED)
_1450_/S                                1.500000    2.440822   -0.940822 (VIOLATED)
_1498_/S                                1.500000    2.440822   -0.940822 (VIOLATED)
_1516_/S                                1.500000    2.440822   -0.940822 (VIOLATED)
_1548_/S                                1.500000    2.440822   -0.940822 (VIOLATED)
_1564_/S                                1.500000    2.440822   -0.940822 (VIOLATED)
_1581_/S                                1.500000    2.440822   -0.940822 (VIOLATED)
_1596_/S                                1.500000    2.440822   -0.940822 (VIOLATED)
_1613_/S                                1.500000    2.440822   -0.940822 (VIOLATED)
_1620_/S                                1.500000    2.440822   -0.940822 (VIOLATED)
_1637_/S                                1.500000    2.440822   -0.940822 (VIOLATED)
_1657_/S                                1.500000    2.440822   -0.940822 (VIOLATED)
_1668_/S                                1.500000    2.440822   -0.940822 (VIOLATED)
_1681_/S                                1.500000    2.440822   -0.940822 (VIOLATED)
_1692_/S                                1.500000    2.440822   -0.940822 (VIOLATED)
_1707_/S                                1.500000    2.440822   -0.940822 (VIOLATED)
_1724_/S                                1.500000    2.440822   -0.940822 (VIOLATED)
_1735_/S                                1.500000    2.440822   -0.940822 (VIOLATED)
_1748_/S                                1.500000    2.440822   -0.940822 (VIOLATED)
_1751_/S                                1.500000    2.440822   -0.940822 (VIOLATED)
_1773_/S                                1.500000    2.440822   -0.940822 (VIOLATED)
_1776_/S                                1.500000    2.440822   -0.940822 (VIOLATED)
_1800_/S                                1.500000    2.440822   -0.940822 (VIOLATED)
_1812_/S                                1.500000    2.440822   -0.940822 (VIOLATED)
_1820_/S                                1.500000    2.440822   -0.940822 (VIOLATED)
_1833_/S                                1.500000    2.440822   -0.940822 (VIOLATED)
_1845_/S                                1.500000    2.440822   -0.940822 (VIOLATED)
_1860_/S                                1.500000    2.440822   -0.940822 (VIOLATED)
_1867_/S                                1.500000    2.440822   -0.940822 (VIOLATED)
_1111_/Y                                1.494004    1.827734   -0.333730 (VIOLATED)
_1119_/A1                               1.500000    1.827734   -0.327734 (VIOLATED)
_1125_/A1                               1.500000    1.827734   -0.327734 (VIOLATED)
_1126_/B                                1.500000    1.827734   -0.327734 (VIOLATED)
_1132_/A1                               1.500000    1.827734   -0.327734 (VIOLATED)
_1138_/A1                               1.500000    1.827734   -0.327734 (VIOLATED)
_1145_/A1                               1.500000    1.827734   -0.327734 (VIOLATED)
_1183_/A1                               1.500000    1.827734   -0.327734 (VIOLATED)
_1184_/B                                1.500000    1.827734   -0.327734 (VIOLATED)
_1192_/A1                               1.500000    1.827734   -0.327734 (VIOLATED)
_1200_/A1                               1.500000    1.827734   -0.327734 (VIOLATED)
_1206_/A1                               1.500000    1.827734   -0.327734 (VIOLATED)
_1207_/B                                1.500000    1.827734   -0.327734 (VIOLATED)
_1252_/A1                               1.500000    1.827734   -0.327734 (VIOLATED)
_1253_/B                                1.500000    1.827734   -0.327734 (VIOLATED)
_1259_/A1                               1.500000    1.827734   -0.327734 (VIOLATED)
_1267_/A1                               1.500000    1.827734   -0.327734 (VIOLATED)
_1283_/A1                               1.500000    1.827734   -0.327734 (VIOLATED)
_1312_/A1                               1.500000    1.827734   -0.327734 (VIOLATED)
_1320_/A1                               1.500000    1.827734   -0.327734 (VIOLATED)
_1373_/A1                               1.500000    1.827734   -0.327734 (VIOLATED)
_1413_/A1                               1.500000    1.827734   -0.327734 (VIOLATED)
_1455_/A1                               1.500000    1.827734   -0.327734 (VIOLATED)
_1456_/B                                1.500000    1.827734   -0.327734 (VIOLATED)
_1461_/A1                               1.500000    1.827734   -0.327734 (VIOLATED)
_1466_/A1                               1.500000    1.827734   -0.327734 (VIOLATED)
_1503_/A1                               1.500000    1.827734   -0.327734 (VIOLATED)
_1179_/S                                1.500000    1.594429   -0.094429 (VIOLATED)
_1248_/S                                1.500000    1.594429   -0.094429 (VIOLATED)
_1310_/S                                1.500000    1.594429   -0.094429 (VIOLATED)
_1359_/S                                1.500000    1.594429   -0.094429 (VIOLATED)
_1401_/S                                1.500000    1.594429   -0.094429 (VIOLATED)
_1449_/S                                1.500000    1.594429   -0.094429 (VIOLATED)
_1500_/S                                1.500000    1.594429   -0.094429 (VIOLATED)
_1550_/B1                               1.500000    1.594429   -0.094429 (VIOLATED)
_1566_/S                                1.500000    1.594429   -0.094429 (VIOLATED)
_1583_/S                                1.500000    1.594429   -0.094429 (VIOLATED)
_1598_/S                                1.500000    1.594429   -0.094429 (VIOLATED)
_1615_/S                                1.500000    1.594429   -0.094429 (VIOLATED)
_1622_/S                                1.500000    1.594429   -0.094429 (VIOLATED)
_1639_/S                                1.500000    1.594429   -0.094429 (VIOLATED)
_1659_/S                                1.500000    1.594429   -0.094429 (VIOLATED)
_1670_/S                                1.500000    1.594429   -0.094429 (VIOLATED)
_1683_/S                                1.500000    1.594429   -0.094429 (VIOLATED)
_1694_/S                                1.500000    1.594429   -0.094429 (VIOLATED)
_1709_/S                                1.500000    1.594429   -0.094429 (VIOLATED)
_1726_/S                                1.500000    1.594429   -0.094429 (VIOLATED)
_1737_/S                                1.500000    1.594429   -0.094429 (VIOLATED)
_1750_/S                                1.500000    1.594429   -0.094429 (VIOLATED)
_1761_/S                                1.500000    1.594429   -0.094429 (VIOLATED)
_1775_/S                                1.500000    1.594429   -0.094429 (VIOLATED)
_1790_/S                                1.500000    1.594429   -0.094429 (VIOLATED)
_1802_/S                                1.500000    1.594429   -0.094429 (VIOLATED)
_1814_/S                                1.500000    1.594429   -0.094429 (VIOLATED)
_1822_/S                                1.500000    1.594429   -0.094429 (VIOLATED)
_1835_/S                                1.500000    1.594429   -0.094429 (VIOLATED)
_1847_/S                                1.500000    1.594429   -0.094429 (VIOLATED)
_1862_/B1                               1.500000    1.594429   -0.094429 (VIOLATED)
_1869_/S                                1.500000    1.594429   -0.094429 (VIOLATED)
_2172_/S                                1.500000    1.594429   -0.094429 (VIOLATED)
_2174_/A1                               1.500000    1.594429   -0.094429 (VIOLATED)
_2175_/S                                1.500000    1.594429   -0.094429 (VIOLATED)
_2176_/S                                1.500000    1.594429   -0.094429 (VIOLATED)
_2177_/S                                1.500000    1.594429   -0.094429 (VIOLATED)
_2179_/A1                               1.500000    1.594429   -0.094429 (VIOLATED)
_2181_/A1                               1.500000    1.594429   -0.094429 (VIOLATED)
_2182_/S                                1.500000    1.594429   -0.094429 (VIOLATED)
_2183_/S                                1.500000    1.594429   -0.094429 (VIOLATED)
_2185_/A1                               1.500000    1.594429   -0.094429 (VIOLATED)
_2186_/S                                1.500000    1.594429   -0.094429 (VIOLATED)
_2187_/S                                1.500000    1.594429   -0.094429 (VIOLATED)
_2188_/S                                1.500000    1.594429   -0.094429 (VIOLATED)
_2190_/A1                               1.500000    1.594429   -0.094429 (VIOLATED)
_2191_/S                                1.500000    1.594429   -0.094429 (VIOLATED)
_2192_/S                                1.500000    1.594429   -0.094429 (VIOLATED)
_2193_/S                                1.500000    1.594429   -0.094429 (VIOLATED)
_2195_/A1                               1.500000    1.594429   -0.094429 (VIOLATED)
_2197_/A1                               1.500000    1.594429   -0.094429 (VIOLATED)
_2198_/S                                1.500000    1.594429   -0.094429 (VIOLATED)
_2199_/S                                1.500000    1.594429   -0.094429 (VIOLATED)
_2201_/A1                               1.500000    1.594429   -0.094429 (VIOLATED)
_2202_/S                                1.500000    1.594429   -0.094429 (VIOLATED)
_2203_/S                                1.500000    1.594429   -0.094429 (VIOLATED)
_2204_/S                                1.500000    1.594429   -0.094429 (VIOLATED)
_2206_/A1                               1.500000    1.594429   -0.094429 (VIOLATED)
_2207_/S                                1.500000    1.594429   -0.094429 (VIOLATED)
_2208_/S                                1.500000    1.594429   -0.094429 (VIOLATED)
_2209_/S                                1.500000    1.594429   -0.094429 (VIOLATED)
_2211_/A1                               1.500000    1.594429   -0.094429 (VIOLATED)
_2213_/A1                               1.500000    1.594429   -0.094429 (VIOLATED)
_2214_/S                                1.500000    1.594429   -0.094429 (VIOLATED)
_1108_/X                                1.504590    1.594429   -0.089839 (VIOLATED)
_1897_/S                                1.500000    1.535150   -0.035150 (VIOLATED)
_1903_/S                                1.500000    1.535150   -0.035150 (VIOLATED)
_1908_/S                                1.500000    1.535150   -0.035150 (VIOLATED)
_1913_/S                                1.500000    1.535150   -0.035150 (VIOLATED)
_1918_/S                                1.500000    1.535150   -0.035150 (VIOLATED)
_1923_/S                                1.500000    1.535150   -0.035150 (VIOLATED)
_1928_/S                                1.500000    1.535150   -0.035150 (VIOLATED)
_1933_/S                                1.500000    1.535150   -0.035150 (VIOLATED)
_1938_/S                                1.500000    1.535150   -0.035150 (VIOLATED)
_1943_/S                                1.500000    1.535150   -0.035150 (VIOLATED)
_1948_/S                                1.500000    1.535150   -0.035150 (VIOLATED)
_1953_/S                                1.500000    1.535150   -0.035150 (VIOLATED)
_1958_/S                                1.500000    1.535150   -0.035150 (VIOLATED)
_1963_/S                                1.500000    1.535150   -0.035150 (VIOLATED)
_1968_/S                                1.500000    1.535150   -0.035150 (VIOLATED)
_1973_/S                                1.500000    1.535150   -0.035150 (VIOLATED)
_1978_/S                                1.500000    1.535150   -0.035150 (VIOLATED)
_1983_/S                                1.500000    1.535150   -0.035150 (VIOLATED)
_1988_/S                                1.500000    1.535150   -0.035150 (VIOLATED)
_1993_/S                                1.500000    1.535150   -0.035150 (VIOLATED)
_1998_/S                                1.500000    1.535150   -0.035150 (VIOLATED)
_2003_/S                                1.500000    1.535150   -0.035150 (VIOLATED)
_2008_/S                                1.500000    1.535150   -0.035150 (VIOLATED)
_2013_/S                                1.500000    1.535150   -0.035150 (VIOLATED)
_2017_/S                                1.500000    1.535150   -0.035150 (VIOLATED)
_2021_/S                                1.500000    1.535150   -0.035150 (VIOLATED)
_2025_/S                                1.500000    1.535150   -0.035150 (VIOLATED)
_2029_/S                                1.500000    1.535150   -0.035150 (VIOLATED)
_2037_/S                                1.500000    1.535150   -0.035150 (VIOLATED)
_2043_/S                                1.500000    1.535150   -0.035150 (VIOLATED)
_2048_/S                                1.500000    1.535150   -0.035150 (VIOLATED)
_2053_/S                                1.500000    1.535150   -0.035150 (VIOLATED)
_2058_/S                                1.500000    1.535150   -0.035150 (VIOLATED)
_2063_/S                                1.500000    1.535150   -0.035150 (VIOLATED)
_2068_/S                                1.500000    1.535150   -0.035150 (VIOLATED)
_2073_/S                                1.500000    1.535150   -0.035150 (VIOLATED)
_2078_/S                                1.500000    1.535150   -0.035150 (VIOLATED)
_2083_/S                                1.500000    1.535150   -0.035150 (VIOLATED)
_2088_/S                                1.500000    1.535150   -0.035150 (VIOLATED)
_2093_/S                                1.500000    1.535150   -0.035150 (VIOLATED)
_2098_/S                                1.500000    1.535150   -0.035150 (VIOLATED)
_2103_/S                                1.500000    1.535150   -0.035150 (VIOLATED)
_2108_/S                                1.500000    1.535150   -0.035150 (VIOLATED)
_2113_/S                                1.500000    1.535150   -0.035150 (VIOLATED)
_2118_/S                                1.500000    1.535150   -0.035150 (VIOLATED)
_2123_/S                                1.500000    1.535150   -0.035150 (VIOLATED)
_2128_/S                                1.500000    1.535150   -0.035150 (VIOLATED)
_2133_/S                                1.500000    1.535150   -0.035150 (VIOLATED)
_2138_/S                                1.500000    1.535150   -0.035150 (VIOLATED)
_2143_/S                                1.500000    1.535150   -0.035150 (VIOLATED)
_2148_/S                                1.500000    1.535150   -0.035150 (VIOLATED)
_2153_/S                                1.500000    1.535150   -0.035150 (VIOLATED)
_2157_/S                                1.500000    1.535150   -0.035150 (VIOLATED)
_2161_/S                                1.500000    1.535150   -0.035150 (VIOLATED)
_2165_/S                                1.500000    1.535150   -0.035150 (VIOLATED)
_2169_/S                                1.500000    1.535150   -0.035150 (VIOLATED)
_1894_/X                                1.504415    1.535150   -0.030735 (VIOLATED)

max fanout

Pin                                   Limit Fanout  Slack
---------------------------------------------------------
_1108_/X                                 10     64    -54 (VIOLATED)
_2247_/Q                                 10     61    -51 (VIOLATED)
_1888_/Y                                 10     56    -46 (VIOLATED)
_1889_/Y                                 10     56    -46 (VIOLATED)
_1893_/X                                 10     56    -46 (VIOLATED)
_1894_/X                                 10     56    -46 (VIOLATED)
_1115_/Y                                 10     43    -33 (VIOLATED)
_1111_/Y                                 10     26    -16 (VIOLATED)
_1114_/Y                                 10     26    -16 (VIOLATED)
_1112_/X                                 10     18     -8 (VIOLATED)
_1113_/X                                 10     17     -7 (VIOLATED)
_1107_/Y                                 10     14     -4 (VIOLATED)
_1250_/X                                 10     14     -4 (VIOLATED)
_1406_/Y                                 10     14     -4 (VIOLATED)
_1319_/Y                                 10     13     -3 (VIOLATED)
_1412_/Y                                 10     13     -3 (VIOLATED)
_1368_/Y                                 10     12     -2 (VIOLATED)
_1384_/X                                 10     12     -2 (VIOLATED)
_1514_/Y                                 10     12     -2 (VIOLATED)

max capacitance

Pin                                        Limit         Cap       Slack
------------------------------------------------------------------------
_1889_/Y                                0.086070    0.187936   -0.101866 (VIOLATED)
_1115_/Y                                0.086070    0.144308   -0.058238 (VIOLATED)
_1111_/Y                                0.054942    0.069514   -0.014572 (VIOLATED)
_1108_/X                                0.190440    0.203140   -0.012700 (VIOLATED)
_1888_/Y                                0.184031    0.187936   -0.003905 (VIOLATED)
_1894_/X                                0.184031    0.187936   -0.003905 (VIOLATED)



===========================================================================
report_parasitic_annotation -report_unannotated
============================================================================
Found 1369 unannotated drivers.
 clk
 des_data[0]
 des_data[10]
 des_data[11]
 des_data[12]
 des_data[13]
 des_data[14]
 des_data[15]
 des_data[16]
 des_data[17]
 des_data[18]
 des_data[19]
 des_data[1]
 des_data[20]
 des_data[21]
 des_data[22]
 des_data[23]
 des_data[24]
 des_data[25]
 des_data[26]
 des_data[27]
 des_data[28]
 des_data[29]
 des_data[2]
 des_data[30]
 des_data[31]
 des_data[32]
 des_data[33]
 des_data[34]
 des_data[35]
 des_data[36]
 des_data[37]
 des_data[38]
 des_data[39]
 des_data[3]
 des_data[40]
 des_data[41]
 des_data[42]
 des_data[43]
 des_data[44]
 des_data[45]
 des_data[46]
 des_data[47]
 des_data[48]
 des_data[49]
 des_data[4]
 des_data[50]
 des_data[51]
 des_data[52]
 des_data[53]
 des_data[54]
 des_data[55]
 des_data[56]
 des_data[57]
 des_data[58]
 des_data[59]
 des_data[5]
 des_data[60]
 des_data[61]
 des_data[62]
 des_data[63]
 des_data[6]
 des_data[7]
 des_data[8]
 des_data[9]
 des_decipher_en
 des_encipher_en
 des_key_in[0]
 des_key_in[10]
 des_key_in[11]
 des_key_in[12]
 des_key_in[13]
 des_key_in[14]
 des_key_in[15]
 des_key_in[16]
 des_key_in[17]
 des_key_in[18]
 des_key_in[19]
 des_key_in[1]
 des_key_in[20]
 des_key_in[21]
 des_key_in[22]
 des_key_in[23]
 des_key_in[24]
 des_key_in[25]
 des_key_in[26]
 des_key_in[27]
 des_key_in[28]
 des_key_in[29]
 des_key_in[2]
 des_key_in[30]
 des_key_in[31]
 des_key_in[32]
 des_key_in[33]
 des_key_in[34]
 des_key_in[35]
 des_key_in[36]
 des_key_in[37]
 des_key_in[38]
 des_key_in[39]
 des_key_in[3]
 des_key_in[40]
 des_key_in[41]
 des_key_in[42]
 des_key_in[43]
 des_key_in[44]
 des_key_in[45]
 des_key_in[46]
 des_key_in[47]
 des_key_in[48]
 des_key_in[49]
 des_key_in[4]
 des_key_in[50]
 des_key_in[51]
 des_key_in[52]
 des_key_in[53]
 des_key_in[54]
 des_key_in[55]
 des_key_in[56]
 des_key_in[57]
 des_key_in[58]
 des_key_in[59]
 des_key_in[5]
 des_key_in[60]
 des_key_in[61]
 des_key_in[62]
 des_key_in[63]
 des_key_in[6]
 des_key_in[7]
 des_key_in[8]
 des_key_in[9]
 rst_n
 _1107_/Y
 _1108_/X
 _1109_/X
 _1110_/Y
 _1111_/Y
 _1112_/X
 _1113_/X
 _1114_/Y
 _1115_/Y
 _1116_/X
 _1117_/X
 _1118_/Y
 _1119_/X
 _1120_/X
 _1121_/X
 _1122_/Y
 _1123_/Y
 _1124_/X
 _1125_/Y
 _1126_/X
 _1127_/Y
 _1128_/X
 _1129_/Y
 _1130_/Y
 _1131_/X
 _1132_/X
 _1133_/X
 _1134_/X
 _1135_/X
 _1136_/Y
 _1137_/Y
 _1138_/X
 _1139_/X
 _1140_/X
 _1141_/Y
 _1142_/Y
 _1143_/X
 _1144_/Y
 _1145_/X
 _1146_/X
 _1147_/X
 _1148_/Y
 _1149_/X
 _1150_/Y
 _1151_/X
 _1152_/Y
 _1153_/Y
 _1154_/X
 _1155_/X
 _1156_/X
 _1157_/X
 _1158_/X
 _1159_/Y
 _1160_/Y
 _1161_/Y
 _1162_/X
 _1163_/Y
 _1164_/Y
 _1165_/Y
 _1166_/Y
 _1167_/X
 _1168_/Y
 _1169_/Y
 _1170_/Y
 _1171_/X
 _1172_/X
 _1173_/X
 _1174_/X
 _1175_/X
 _1176_/X
 _1177_/X
 _1178_/X
 _1179_/X
 _1180_/X
 _1181_/X
 _1182_/Y
 _1183_/Y
 _1184_/X
 _1185_/Y
 _1186_/X
 _1187_/Y
 _1188_/X
 _1189_/X
 _1190_/X
 _1191_/Y
 _1192_/X
 _1193_/X
 _1194_/X
 _1195_/Y
 _1196_/Y
 _1197_/X
 _1198_/Y
 _1199_/Y
 _1200_/X
 _1201_/X
 _1202_/X
 _1203_/Y
 _1204_/X
 _1205_/Y
 _1206_/Y
 _1207_/X
 _1208_/Y
 _1209_/Y
 _1210_/X
 _1211_/X
 _1212_/Y
 _1213_/Y
 _1214_/Y
 _1215_/X
 _1216_/X
 _1217_/X
 _1218_/X
 _1219_/X
 _1220_/Y
 _1221_/Y
 _1222_/X
 _1223_/X
 _1224_/Y
 _1225_/Y
 _1226_/X
 _1227_/X
 _1228_/Y
 _1229_/Y
 _1230_/Y
 _1231_/X
 _1232_/Y
 _1233_/X
 _1234_/X
 _1235_/Y
 _1236_/X
 _1237_/X
 _1238_/X
 _1239_/X
 _1240_/X
 _1241_/Y
 _1242_/X
 _1243_/X
 _1244_/Y
 _1245_/X
 _1246_/X
 _1247_/X
 _1248_/X
 _1249_/X
 _1250_/X
 _1251_/Y
 _1252_/Y
 _1253_/X
 _1254_/Y
 _1255_/X
 _1256_/Y
 _1257_/Y
 _1258_/X
 _1259_/X
 _1260_/X
 _1261_/X
 _1262_/Y
 _1263_/Y
 _1264_/X
 _1265_/Y
 _1266_/Y
 _1267_/X
 _1268_/X
 _1269_/X
 _1270_/X
 _1271_/Y
 _1272_/X
 _1273_/Y
 _1274_/X
 _1275_/Y
 _1276_/Y
 _1277_/X
 _1278_/Y
 _1279_/X
 _1280_/Y
 _1281_/X
 _1282_/X
 _1283_/X
 _1284_/X
 _1285_/X
 _1286_/X
 _1287_/Y
 _1288_/Y
 _1289_/X
 _1290_/X
 _1291_/X
 _1292_/X
 _1293_/Y
 _1294_/X
 _1295_/Y
 _1296_/Y
 _1297_/Y
 _1298_/X
 _1299_/X
 _1300_/X
 _1301_/Y
 _1302_/X
 _1303_/X
 _1304_/Y
 _1305_/Y
 _1306_/X
 _1307_/X
 _1308_/X
 _1309_/X
 _1310_/X
 _1311_/Y
 _1312_/X
 _1313_/X
 _1314_/X
 _1315_/Y
 _1316_/Y
 _1317_/X
 _1318_/X
 _1319_/Y
 _1320_/X
 _1321_/X
 _1322_/X
 _1323_/Y
 _1324_/X
 _1325_/Y
 _1326_/X
 _1327_/Y
 _1328_/Y
 _1329_/X
 _1330_/X
 _1331_/X
 _1332_/Y
 _1333_/X
 _1334_/Y
 _1335_/Y
 _1336_/Y
 _1337_/Y
 _1338_/X
 _1339_/X
 _1340_/X
 _1341_/X
 _1342_/Y
 _1343_/Y
 _1344_/X
 _1345_/Y
 _1346_/Y
 _1347_/Y
 _1348_/X
 _1349_/X
 _1350_/Y
 _1351_/X
 _1352_/X
 _1353_/X
 _1354_/Y
 _1355_/X
 _1356_/X
 _1357_/X
 _1358_/Y
 _1359_/X
 _1360_/Y
 _1361_/X
 _1362_/Y
 _1363_/Y
 _1364_/X
 _1365_/X
 _1366_/Y
 _1367_/X
 _1368_/Y
 _1369_/X
 _1370_/Y
 _1371_/X
 _1372_/Y
 _1373_/X
 _1374_/X
 _1375_/X
 _1376_/Y
 _1377_/X
 _1378_/Y
 _1379_/Y
 _1380_/X
 _1381_/Y
 _1382_/X
 _1383_/X
 _1384_/X
 _1385_/Y
 _1386_/Y
 _1387_/Y
 _1388_/Y
 _1389_/X
 _1390_/Y
 _1391_/Y
 _1392_/X
 _1393_/X
 _1394_/X
 _1395_/X
 _1396_/X
 _1397_/X
 _1398_/X
 _1399_/X
 _1400_/X
 _1401_/X
 _1402_/X
 _1403_/Y
 _1404_/X
 _1405_/X
 _1406_/Y
 _1407_/X
 _1408_/X
 _1409_/Y
 _1410_/X
 _1411_/Y
 _1412_/Y
 _1413_/X
 _1414_/X
 _1415_/Y
 _1416_/X
 _1417_/Y
 _1418_/X
 _1419_/Y
 _1420_/X
 _1421_/X
 _1422_/Y
 _1423_/Y
 _1424_/X
 _1425_/Y
 _1426_/X
 _1427_/X
 _1428_/Y
 _1429_/X
 _1430_/Y
 _1431_/Y
 _1432_/Y
 _1433_/Y
 _1434_/X
 _1435_/X
 _1436_/X
 _1437_/Y
 _1438_/Y
 _1439_/Y
 _1440_/Y
 _1441_/X
 _1442_/Y
 _1443_/X
 _1444_/X
 _1445_/X
 _1446_/Y
 _1447_/X
 _1448_/Y
 _1449_/X
 _1450_/X
 _1451_/X
 _1452_/X
 _1453_/Y
 _1454_/X
 _1455_/Y
 _1456_/X
 _1457_/Y
 _1458_/X
 _1459_/Y
 _1460_/Y
 _1461_/X
 _1462_/X
 _1463_/X
 _1464_/Y
 _1465_/Y
 _1466_/X
 _1467_/X
 _1468_/X
 _1469_/Y
 _1470_/Y
 _1471_/X
 _1472_/Y
 _1473_/X
 _1474_/X
 _1475_/X
 _1476_/X
 _1477_/Y
 _1478_/X
 _1479_/X
 _1480_/Y
 _1481_/X
 _1482_/Y
 _1483_/X
 _1484_/X
 _1485_/Y
 _1486_/X
 _1487_/X
 _1488_/Y
 _1489_/X
 _1490_/X
 _1491_/X
 _1492_/X
 _1493_/X
 _1494_/X
 _1495_/X
 _1496_/X
 _1497_/X
 _1498_/X
 _1499_/X
 _1500_/X
 _1501_/X
 _1502_/Y
 _1503_/X
 _1504_/X
 _1505_/X
 _1506_/Y
 _1507_/X
 _1508_/Y
 _1509_/X
 _1510_/Y
 _1511_/X
 _1512_/Y
 _1513_/X
 _1514_/Y
 _1515_/X
 _1516_/X
 _1517_/X
 _1518_/Y
 _1519_/Y
 _1520_/X
 _1521_/Y
 _1522_/Y
 _1523_/Y
 _1524_/Y
 _1525_/X
 _1526_/Y
 _1527_/Y
 _1528_/Y
 _1529_/X
 _1530_/Y
 _1531_/X
 _1532_/Y
 _1533_/Y
 _1534_/Y
 _1535_/Y
 _1536_/X
 _1537_/Y
 _1538_/Y
 _1539_/X
 _1540_/X
 _1541_/X
 _1542_/X
 _1543_/X
 _1544_/Y
 _1545_/Y
 _1546_/Y
 _1547_/X
 _1548_/X
 _1549_/Y
 _1550_/X
 _1551_/X
 _1552_/X
 _1553_/X
 _1554_/Y
 _1555_/X
 _1556_/Y
 _1557_/X
 _1558_/X
 _1559_/Y
 _1560_/X
 _1561_/Y
 _1562_/Y
 _1563_/X
 _1564_/X
 _1565_/Y
 _1566_/X
 _1567_/Y
 _1568_/X
 _1569_/Y
 _1570_/Y
 _1571_/Y
 _1572_/X
 _1573_/Y
 _1574_/Y
 _1575_/X
 _1576_/Y
 _1577_/Y
 _1578_/X
 _1579_/X
 _1580_/X
 _1581_/X
 _1582_/Y
 _1583_/X
 _1584_/X
 _1585_/X
 _1586_/X
 _1587_/X
 _1588_/Y
 _1589_/X
 _1590_/X
 _1591_/X
 _1592_/X
 _1593_/Y
 _1594_/Y
 _1595_/X
 _1596_/X
 _1597_/X
 _1598_/X
 _1599_/X
 _1600_/X
 _1601_/Y
 _1602_/Y
 _1603_/Y
 _1604_/X
 _1605_/Y
 _1606_/X
 _1607_/X
 _1608_/X
 _1609_/X
 _1610_/Y
 _1611_/X
 _1612_/X
 _1613_/X
 _1614_/X
 _1615_/X
 _1616_/X
 _1617_/Y
 _1618_/X
 _1619_/X
 _1620_/X
 _1621_/Y
 _1622_/X
 _1623_/Y
 _1624_/Y
 _1625_/X
 _1626_/X
 _1627_/X
 _1628_/Y
 _1629_/X
 _1630_/Y
 _1631_/X
 _1632_/Y
 _1633_/X
 _1634_/Y
 _1635_/Y
 _1636_/X
 _1637_/X
 _1638_/Y
 _1639_/X
 _1640_/Y
 _1641_/Y
 _1642_/Y
 _1643_/Y
 _1644_/Y
 _1645_/X
 _1646_/Y
 _1647_/X
 _1648_/Y
 _1649_/X
 _1650_/X
 _1651_/X
 _1652_/X
 _1653_/X
 _1654_/Y
 _1655_/X
 _1656_/X
 _1657_/X
 _1658_/Y
 _1659_/X
 _1660_/X
 _1661_/Y
 _1662_/X
 _1663_/X
 _1664_/Y
 _1665_/X
 _1666_/Y
 _1667_/X
 _1668_/X
 _1669_/Y
 _1670_/X
 _1671_/X
 _1672_/X
 _1673_/Y
 _1674_/X
 _1675_/X
 _1676_/X
 _1677_/Y
 _1678_/Y
 _1679_/X
 _1680_/X
 _1681_/X
 _1682_/X
 _1683_/X
 _1684_/Y
 _1685_/X
 _1686_/Y
 _1687_/X
 _1688_/X
 _1689_/Y
 _1690_/X
 _1691_/X
 _1692_/X
 _1693_/X
 _1694_/X
 _1695_/Y
 _1696_/X
 _1697_/X
 _1698_/X
 _1699_/Y
 _1700_/X
 _1701_/X
 _1702_/Y
 _1703_/X
 _1704_/X
 _1705_/Y
 _1706_/X
 _1707_/X
 _1708_/X
 _1709_/X
 _1710_/Y
 _1711_/Y
 _1712_/X
 _1713_/X
 _1714_/X
 _1715_/Y
 _1716_/Y
 _1717_/X
 _1718_/X
 _1719_/X
 _1720_/X
 _1721_/X
 _1722_/X
 _1723_/X
 _1724_/X
 _1725_/Y
 _1726_/X
 _1727_/X
 _1728_/X
 _1729_/Y
 _1730_/X
 _1731_/X
 _1732_/X
 _1733_/X
 _1734_/X
 _1735_/X
 _1736_/Y
 _1737_/X
 _1738_/Y
 _1739_/X
 _1740_/Y
 _1741_/X
 _1742_/X
 _1743_/X
 _1744_/Y
 _1745_/X
 _1746_/X
 _1747_/X
 _1748_/X
 _1749_/Y
 _1750_/X
 _1751_/X
 _1752_/Y
 _1753_/X
 _1754_/X
 _1755_/Y
 _1756_/X
 _1757_/X
 _1758_/Y
 _1759_/X
 _1760_/X
 _1761_/X
 _1762_/X
 _1763_/Y
 _1764_/X
 _1765_/Y
 _1766_/X
 _1767_/X
 _1768_/X
 _1769_/Y
 _1770_/X
 _1771_/Y
 _1772_/X
 _1773_/X
 _1774_/X
 _1775_/X
 _1776_/X
 _1777_/Y
 _1778_/Y
 _1779_/X
 _1780_/X
 _1781_/Y
 _1782_/X
 _1783_/X
 _1784_/X
 _1785_/X
 _1786_/X
 _1787_/Y
 _1788_/X
 _1789_/X
 _1790_/X
 _1791_/X
 _1792_/Y
 _1793_/X
 _1794_/Y
 _1795_/Y
 _1796_/X
 _1797_/X
 _1798_/Y
 _1799_/X
 _1800_/X
 _1801_/Y
 _1802_/X
 _1803_/X
 _1804_/X
 _1805_/X
 _1806_/Y
 _1807_/X
 _1808_/Y
 _1809_/Y
 _1810_/Y
 _1811_/X
 _1812_/X
 _1813_/X
 _1814_/X
 _1815_/X
 _1816_/X
 _1817_/X
 _1818_/Y
 _1819_/X
 _1820_/X
 _1821_/Y
 _1822_/X
 _1823_/Y
 _1824_/X
 _1825_/Y
 _1826_/X
 _1827_/X
 _1828_/Y
 _1829_/X
 _1830_/X
 _1831_/Y
 _1832_/X
 _1833_/X
 _1834_/Y
 _1835_/X
 _1836_/Y
 _1837_/X
 _1838_/X
 _1839_/X
 _1840_/X
 _1841_/X
 _1842_/X
 _1843_/X
 _1844_/X
 _1845_/X
 _1846_/X
 _1847_/X
 _1848_/X
 _1849_/Y
 _1850_/Y
 _1851_/Y
 _1852_/X
 _1853_/X
 _1854_/Y
 _1855_/X
 _1856_/X
 _1857_/X
 _1858_/X
 _1859_/Y
 _1860_/X
 _1861_/Y
 _1862_/X
 _1863_/X
 _1864_/X
 _1865_/X
 _1866_/X
 _1867_/X
 _1868_/X
 _1869_/X
 _1870_/Y
 _1871_/Y
 _1872_/X
 _1873_/Y
 _1874_/X
 _1875_/Y
 _1876_/X
 _1877_/X
 _1878_/X
 _1879_/Y
 _1880_/X
 _1881_/X
 _1882_/Y
 _1883_/Y
 _1884_/X
 _1885_/X
 _1886_/X
 _1887_/X
 _1888_/Y
 _1889_/Y
 _1890_/X
 _1891_/X
 _1892_/X
 _1893_/X
 _1894_/X
 _1895_/X
 _1896_/X
 _1897_/X
 _1898_/X
 _1899_/X
 _1900_/X
 _1901_/X
 _1902_/X
 _1903_/X
 _1904_/X
 _1905_/X
 _1906_/X
 _1907_/X
 _1908_/X
 _1909_/X
 _1910_/X
 _1911_/X
 _1912_/X
 _1913_/X
 _1914_/X
 _1915_/X
 _1916_/X
 _1917_/X
 _1918_/X
 _1919_/X
 _1920_/X
 _1921_/X
 _1922_/X
 _1923_/X
 _1924_/X
 _1925_/X
 _1926_/X
 _1927_/X
 _1928_/X
 _1929_/X
 _1930_/X
 _1931_/X
 _1932_/X
 _1933_/X
 _1934_/X
 _1935_/X
 _1936_/X
 _1937_/X
 _1938_/X
 _1939_/X
 _1940_/X
 _1941_/X
 _1942_/X
 _1943_/X
 _1944_/X
 _1945_/X
 _1946_/X
 _1947_/X
 _1948_/X
 _1949_/X
 _1950_/X
 _1951_/X
 _1952_/X
 _1953_/X
 _1954_/X
 _1955_/X
 _1956_/X
 _1957_/X
 _1958_/X
 _1959_/X
 _1960_/X
 _1961_/X
 _1962_/X
 _1963_/X
 _1964_/X
 _1965_/X
 _1966_/X
 _1967_/X
 _1968_/X
 _1969_/X
 _1970_/X
 _1971_/X
 _1972_/X
 _1973_/X
 _1974_/X
 _1975_/X
 _1976_/X
 _1977_/X
 _1978_/X
 _1979_/X
 _1980_/X
 _1981_/X
 _1982_/X
 _1983_/X
 _1984_/X
 _1985_/X
 _1986_/X
 _1987_/X
 _1988_/X
 _1989_/X
 _1990_/X
 _1991_/X
 _1992_/X
 _1993_/X
 _1994_/X
 _1995_/X
 _1996_/X
 _1997_/X
 _1998_/X
 _1999_/X
 _2000_/X
 _2001_/X
 _2002_/X
 _2003_/X
 _2004_/X
 _2005_/X
 _2006_/X
 _2007_/X
 _2008_/X
 _2009_/X
 _2010_/X
 _2011_/X
 _2012_/X
 _2013_/X
 _2014_/X
 _2015_/X
 _2016_/X
 _2017_/X
 _2018_/X
 _2019_/X
 _2020_/X
 _2021_/X
 _2022_/X
 _2023_/X
 _2024_/X
 _2025_/X
 _2026_/X
 _2027_/X
 _2028_/X
 _2029_/X
 _2030_/X
 _2031_/X
 _2032_/X
 _2033_/X
 _2034_/X
 _2035_/X
 _2036_/X
 _2037_/X
 _2038_/X
 _2039_/X
 _2040_/X
 _2041_/X
 _2042_/X
 _2043_/X
 _2044_/X
 _2045_/X
 _2046_/X
 _2047_/X
 _2048_/X
 _2049_/X
 _2050_/X
 _2051_/X
 _2052_/X
 _2053_/X
 _2054_/X
 _2055_/X
 _2056_/X
 _2057_/X
 _2058_/X
 _2059_/X
 _2060_/X
 _2061_/X
 _2062_/X
 _2063_/X
 _2064_/X
 _2065_/X
 _2066_/X
 _2067_/X
 _2068_/X
 _2069_/X
 _2070_/X
 _2071_/X
 _2072_/X
 _2073_/X
 _2074_/X
 _2075_/X
 _2076_/X
 _2077_/X
 _2078_/X
 _2079_/X
 _2080_/X
 _2081_/X
 _2082_/X
 _2083_/X
 _2084_/X
 _2085_/X
 _2086_/X
 _2087_/X
 _2088_/X
 _2089_/X
 _2090_/X
 _2091_/X
 _2092_/X
 _2093_/X
 _2094_/X
 _2095_/X
 _2096_/X
 _2097_/X
 _2098_/X
 _2099_/X
 _2100_/X
 _2101_/X
 _2102_/X
 _2103_/X
 _2104_/X
 _2105_/X
 _2106_/X
 _2107_/X
 _2108_/X
 _2109_/X
 _2110_/X
 _2111_/X
 _2112_/X
 _2113_/X
 _2114_/X
 _2115_/X
 _2116_/X
 _2117_/X
 _2118_/X
 _2119_/X
 _2120_/X
 _2121_/X
 _2122_/X
 _2123_/X
 _2124_/X
 _2125_/X
 _2126_/X
 _2127_/X
 _2128_/X
 _2129_/X
 _2130_/X
 _2131_/X
 _2132_/X
 _2133_/X
 _2134_/X
 _2135_/X
 _2136_/X
 _2137_/X
 _2138_/X
 _2139_/X
 _2140_/X
 _2141_/X
 _2142_/X
 _2143_/X
 _2144_/X
 _2145_/X
 _2146_/X
 _2147_/X
 _2148_/X
 _2149_/X
 _2150_/X
 _2151_/X
 _2152_/X
 _2153_/X
 _2154_/X
 _2155_/X
 _2156_/X
 _2157_/X
 _2158_/X
 _2159_/X
 _2160_/X
 _2161_/X
 _2162_/X
 _2163_/X
 _2164_/X
 _2165_/X
 _2166_/X
 _2167_/X
 _2168_/X
 _2169_/X
 _2170_/X
 _2171_/X
 _2172_/X
 _2173_/X
 _2174_/X
 _2175_/X
 _2176_/X
 _2177_/X
 _2178_/X
 _2179_/X
 _2180_/X
 _2181_/X
 _2182_/X
 _2183_/X
 _2184_/X
 _2185_/X
 _2186_/X
 _2187_/X
 _2188_/X
 _2189_/X
 _2190_/X
 _2191_/X
 _2192_/X
 _2193_/X
 _2194_/X
 _2195_/X
 _2196_/X
 _2197_/X
 _2198_/X
 _2199_/X
 _2200_/X
 _2201_/X
 _2202_/X
 _2203_/X
 _2204_/X
 _2205_/X
 _2206_/X
 _2207_/X
 _2208_/X
 _2209_/X
 _2210_/X
 _2211_/X
 _2212_/X
 _2213_/X
 _2214_/X
 _2215_/Q
 _2216_/Q
 _2217_/Q
 _2218_/Q
 _2219_/Q
 _2220_/Q
 _2221_/Q
 _2222_/Q
 _2223_/Q
 _2224_/Q
 _2225_/Q
 _2226_/Q
 _2227_/Q
 _2228_/Q
 _2229_/Q
 _2230_/Q
 _2231_/Q
 _2232_/Q
 _2233_/Q
 _2234_/Q
 _2235_/Q
 _2236_/Q
 _2237_/Q
 _2238_/Q
 _2239_/Q
 _2240_/Q
 _2241_/Q
 _2242_/Q
 _2243_/Q
 _2244_/Q
 _2245_/Q
 _2246_/Q
 _2247_/Q
 _2248_/Q
 _2249_/Q
 _2250_/Q
 _2251_/Q
 _2252_/Q
 _2253_/Q
 _2254_/Q
 _2255_/Q
 _2256_/Q
 _2257_/Q
 _2258_/Q
 _2259_/Q
 _2260_/Q
 _2261_/Q
 _2262_/Q
 _2263_/Q
 _2264_/Q
 _2265_/Q
 _2266_/Q
 _2267_/Q
 _2268_/Q
 _2269_/Q
 _2270_/Q
 _2271_/Q
 _2272_/Q
 _2273_/Q
 _2274_/Q
 _2275_/Q
 _2276_/Q
 _2277_/Q
 _2278_/Q
 _2279_/Q
 _2280_/Q
 _2281_/Q
 _2282_/Q
 _2283_/Q
 _2284_/Q
 _2285_/Q
 _2286_/Q
 _2287_/Q
 _2288_/Q
 _2289_/Q
 _2290_/Q
 _2291_/Q
 _2292_/Q
 _2293_/Q
 _2294_/Q
 _2295_/Q
 _2296_/Q
 _2297_/Q
 _2298_/Q
 _2299_/Q
 _2300_/Q
 _2301_/Q
 _2302_/Q
 _2303_/Q
 _2304_/Q
 _2305_/Q
 _2306_/Q
 _2307_/Q
 _2308_/Q
 _2309_/Q
 _2310_/Q
 _2311_/Q
 _2312_/Q
 _2313_/Q
 _2314_/Q
 _2315_/Q
 _2316_/Q
 _2317_/Q
 _2318_/Q
 _2319_/Q
 _2320_/Q
 _2321_/Q
 _2322_/Q
 _2323_/Q
 _2324_/Q
 _2325_/Q
 _2326_/Q
 _2327_/Q
 _2328_/Q
 _2329_/Q
 _2330_/Q
 _2331_/Q
 _2332_/Q
 _2333_/Q
 _2334_/Q
 _2335_/Q
 _2336_/Q
 _2337_/Q
 _2338_/Q
 _2339_/Q
 _2340_/Q
 _2341_/Q
 _2342_/Q
 _2343_/Q
Found 0 partially unannotated drivers.

===========================================================================
max slew violation count 250
max fanout violation count 19
max cap violation count 6
============================================================================

===========================================================================
check_setup -verbose -unconstrained_endpoints -multiple_clock -no_clock -no_input_delay -loops -generated_clocks
===========================================================================
