Clock: clk
Sources: clk 
Generated: no
Virtual: yes
Propagated: no
Period: 10.000000

===========================================================================
report_clock_properties
============================================================================
Clock                   Period          Waveform
----------------------------------------------------
clk                  10.000000    0.000000  5.000000

===========================================================================
report_clock_latency
============================================================================
Clock clk
rise -> rise
    min     max
0.000000 0.000000 source latency
0.641594         network latency _2284_/CLK
        0.664218 network latency _2255_/CLK
---------------
0.641594 0.664218 latency
        0.022624 skew

fall -> fall
    min     max
0.000000 0.000000 source latency
0.626965         network latency _2284_/CLK
        0.646334 network latency _2255_/CLK
---------------
0.626965 0.646334 latency
        0.019369 skew



===========================================================================
report_clock_min_period
============================================================================
clk period_min = 9.31 fmax = 107.46
