[WARNING ORD-0039] .openroad ignored with -python
Unannotated report:
['report_parasitic_annotation -report_unannotated\n',
 '============================================================================\n',
 'Found 23 unannotated drivers.\n',
 ' des_key_in[0]\n',
 ' des_key_in[16]\n',
 ' des_key_in[24]\n',
 ' des_key_in[32]\n',
 ' des_key_in[40]\n',
 ' des_key_in[48]\n',
 ' des_key_in[56]\n',
 ' des_key_in[8]\n',
 ' clkload0/Y\n',
 ' clkload1/Y\n',
 ' clkload10/Y\n',
 ' clkload11/Y\n',
 ' clkload12/Y\n',
 ' clkload13/Y\n',
 ' clkload14/Y\n',
 ' clkload2/Y\n',
 ' clkload3/Y\n',
 ' clkload4/Y\n',
 ' clkload5/X\n',
 ' clkload6/Y\n',
 ' clkload7/Y\n',
 ' clkload8/Y\n',
 ' clkload9/X\n',
 'Found 0 partially unannotated drivers.\n',
 '\n']
Reported nets:
['des_key_in[0]',
 'des_key_in[16]',
 'des_key_in[24]',
 'des_key_in[32]',
 'des_key_in[40]',
 'des_key_in[48]',
 'des_key_in[56]',
 'des_key_in[8]',
 'clkload0/Y',
 'clkload1/Y',
 'clkload10/Y',
 'clkload11/Y',
 'clkload12/Y',
 'clkload13/Y',
 'clkload14/Y',
 'clkload2/Y',
 'clkload3/Y',
 'clkload4/Y',
 'clkload5/X',
 'clkload6/Y',
 'clkload7/Y',
 'clkload8/Y',
 'clkload9/X']
Filtered nets:
[]
done
