Clock: clk
Sources: clk 
Generated: no
Virtual: yes
Propagated: no
Period: 10.000000

===========================================================================
report_clock_properties
============================================================================
Clock                   Period          Waveform
----------------------------------------------------
clk                  10.000000    0.000000  5.000000

===========================================================================
report_clock_latency
============================================================================
Clock clk
rise -> rise
    min     max
0.000000 0.000000 source latency
0.002793         network latency _2232_/CLK
        0.011463 network latency _2319_/CLK
---------------
0.002793 0.011463 latency
        0.008671 skew

fall -> fall
    min     max
0.000000 0.000000 source latency
0.002612         network latency _2232_/CLK
        0.010718 network latency _2319_/CLK
---------------
0.002612 0.010718 latency
        0.008106 skew



===========================================================================
report_clock_min_period
============================================================================
clk period_min = 5.81 fmax = 172.23
