Reading timing models for corner nom_tt_025C_1v80…
Reading timing library for the 'nom_tt_025C_1v80' corner at '/home/nguyen2604/.ciel/ciel/sky130/versions/0fe599b2afb6708d281543108caf8310912f54af/sky130A/libs.ref/sky130_fd_sc_hd/lib/sky130_fd_sc_hd__tt_025C_1v80.lib'…
Reading timing models for corner nom_ff_n40C_1v95…
Reading timing library for the 'nom_ff_n40C_1v95' corner at '/home/nguyen2604/.ciel/ciel/sky130/versions/0fe599b2afb6708d281543108caf8310912f54af/sky130A/libs.ref/sky130_fd_sc_hd/lib/sky130_fd_sc_hd__ff_n40C_1v95.lib'…
Reading timing models for corner nom_ss_100C_1v60…
Reading timing library for the 'nom_ss_100C_1v60' corner at '/home/nguyen2604/.ciel/ciel/sky130/versions/0fe599b2afb6708d281543108caf8310912f54af/sky130A/libs.ref/sky130_fd_sc_hd/lib/sky130_fd_sc_hd__ss_100C_1v60.lib'…
Reading OpenROAD database at '/home/nguyen2604/my_designs/des_core/runs/RUN_2025-12-17_00-49-32/34-openroad-cts/des_core.odb'…
Reading design constraints file at '/home/nguyen2604/my_designs/des_core/des_core.sdc'…
[INFO] No information on clock propagation in input SDC file-- propagating all clocks.
[INFO] Setting RC values…
[INFO RSZ-0098] No setup violations found
[INFO RSZ-0033] No hold violations found.
Placement Analysis
---------------------------------
total displacement          0.0 u
average displacement        0.0 u
max displacement            0.0 u
original HPWL           37408.2 u
legalized HPWL          38401.1 u
delta HPWL                    3 %

[INFO DPL-0020] Mirrored 551 instances
[INFO DPL-0021] HPWL before           38401.1 u
[INFO DPL-0022] HPWL after            37408.2 u
[INFO DPL-0023] HPWL delta               -2.6 %
[INFO] Setting RC values…
Setting global connections for newly added cells…
[INFO] Setting global connections...
Updating metrics…
Cell type report:                       Count       Area
  Fill cell                               122     457.94
  Tap cell                                378     472.95
  Clock buffer                             19     266.51
  Timing Repair Buffer                    256    1403.85
  Inverter                                  8      30.03
  Clock inverter                           13     259.00
  Sequential cell                         129    2666.31
  Multi-Input combinational cell         1100   10334.91
  Total                                  2025   15891.49
Writing OpenROAD database to '/home/nguyen2604/my_designs/des_core/runs/RUN_2025-12-17_00-49-32/36-openroad-resizertimingpostcts/des_core.odb'…
Writing netlist to '/home/nguyen2604/my_designs/des_core/runs/RUN_2025-12-17_00-49-32/36-openroad-resizertimingpostcts/des_core.nl.v'…
Writing powered netlist to '/home/nguyen2604/my_designs/des_core/runs/RUN_2025-12-17_00-49-32/36-openroad-resizertimingpostcts/des_core.pnl.v'…
Writing layout to '/home/nguyen2604/my_designs/des_core/runs/RUN_2025-12-17_00-49-32/36-openroad-resizertimingpostcts/des_core.def'…
Writing timing constraints to '/home/nguyen2604/my_designs/des_core/runs/RUN_2025-12-17_00-49-32/36-openroad-resizertimingpostcts/des_core.sdc'…
