
===========================================================================
report_checks -unconstrained
===========================================================================
======================= max_ff_n40C_1v95 Corner ===================================

Startpoint: rst_n (input port clocked by clk)
Endpoint: _2250_ (recovery check against rising-edge clock clk)
Path Group: asynchronous
Path Type: max

Fanout         Cap        Slew       Delay        Time   Description
---------------------------------------------------------------------------------------------
                                  0.000000    0.000000   clock clk (rise edge)
                                  0.000000    0.000000   clock network delay (propagated)
                                  2.000000    2.000000 ^ input external delay
     1    0.003113    0.015038    0.008104    2.008104 ^ rst_n (in)
                                                         rst_n (net)
                      0.015040    0.000000    2.008104 ^ input123/A (sky130_fd_sc_hd__clkbuf_4)
     9    0.045206    0.108020    0.136056    2.144159 ^ input123/X (sky130_fd_sc_hd__clkbuf_4)
                                                         net123 (net)
                      0.108171    0.003306    2.147465 ^ _2250_/RESET_B (sky130_fd_sc_hd__dfrtp_4)
                                              2.147465   data arrival time

                                 10.000000   10.000000   clock clk (rise edge)
                                  0.000000   10.000000   clock source latency
     1    0.031725    0.000000    0.000000   10.000000 ^ clk (in)
                                                         clk (net)
                      0.006299    0.003149   10.003150 ^ clkbuf_0_clk/A (sky130_fd_sc_hd__clkbuf_16)
    16    0.130756    0.111306    0.133601   10.136750 ^ clkbuf_0_clk/X (sky130_fd_sc_hd__clkbuf_16)
                                                         clknet_0_clk (net)
                      0.114966    0.015910   10.152660 ^ clkbuf_4_5_0_clk/A (sky130_fd_sc_hd__clkbuf_8)
    13    0.042604    0.065146    0.130679   10.283339 ^ clkbuf_4_5_0_clk/X (sky130_fd_sc_hd__clkbuf_8)
                                                         clknet_4_5_0_clk (net)
                      0.065271    0.002276   10.285615 ^ _2250_/CLK (sky130_fd_sc_hd__dfrtp_4)
                                  0.000000   10.285615   clock reconvergence pessimism
                                  0.112171   10.397786   library recovery time
                                             10.397786   data required time
---------------------------------------------------------------------------------------------
                                             10.397786   data required time
                                             -2.147465   data arrival time
---------------------------------------------------------------------------------------------
                                              8.250320   slack (MET)


Startpoint: des_data[63] (input port clocked by clk)
Endpoint: _2219_ (rising edge-triggered flip-flop clocked by clk)
Path Group: clk
Path Type: max

Fanout         Cap        Slew       Delay        Time   Description
---------------------------------------------------------------------------------------------
                                  0.000000    0.000000   clock clk (rise edge)
                                  0.000000    0.000000   clock network delay (propagated)
                                  2.000000    2.000000 v input external delay
     1    0.003034    0.005057    0.002529    2.002529 v des_data[63] (in)
                                                         des_data[63] (net)
                      0.005066    0.000000    2.002529 v input60/A (sky130_fd_sc_hd__clkbuf_1)
     1    0.005786    0.028893    0.056246    2.058775 v input60/X (sky130_fd_sc_hd__clkbuf_1)
                                                         net60 (net)
                      0.028898    0.000383    2.059158 v _1284_/A (sky130_fd_sc_hd__or3_1)
     3    0.010801    0.072142    0.247127    2.306285 v _1284_/X (sky130_fd_sc_hd__or3_1)
                                                         _0682_ (net)
                      0.072145    0.000513    2.306798 v _1369_/C (sky130_fd_sc_hd__and3b_2)
     4    0.025752    0.064319    0.186643    2.493441 v _1369_/X (sky130_fd_sc_hd__and3b_2)
                                                         _0765_ (net)
                      0.064492    0.002892    2.496333 v _1379_/A (sky130_fd_sc_hd__nor4_2)
     7    0.029547    0.518169    0.471644    2.967977 ^ _1379_/Y (sky130_fd_sc_hd__nor4_2)
                                                         _0775_ (net)
                      0.518170    0.000780    2.968757 ^ _1381_/A (sky130_fd_sc_hd__nor2_1)
     4    0.016721    0.145416    0.103084    3.071841 v _1381_/Y (sky130_fd_sc_hd__nor2_1)
                                                         _0777_ (net)
                      0.145418    0.000472    3.072313 v _1396_/A2 (sky130_fd_sc_hd__o2111a_1)
     1    0.003034    0.032004    0.186577    3.258890 v _1396_/X (sky130_fd_sc_hd__o2111a_1)
                                                         _0792_ (net)
                      0.032004    0.000288    3.259178 v _1397_/B1 (sky130_fd_sc_hd__a211o_1)
     1    0.002827    0.033395    0.120374    3.379552 v _1397_/X (sky130_fd_sc_hd__a211o_1)
                                                         _0793_ (net)
                      0.033395    0.000185    3.379737 v _1398_/A1 (sky130_fd_sc_hd__mux2_1)
     1    0.024526    0.113618    0.228647    3.608383 v _1398_/X (sky130_fd_sc_hd__mux2_1)
                                                         _0794_ (net)
                      0.113758    0.003535    3.611918 v _1400_/A (sky130_fd_sc_hd__xor2_1)
     1    0.002315    0.044292    0.125021    3.736938 v _1400_/X (sky130_fd_sc_hd__xor2_1)
                                                         _0796_ (net)
                      0.044292    0.000104    3.737043 v _1401_/A1 (sky130_fd_sc_hd__mux2_1)
     1    0.002227    0.035822    0.146471    3.883514 v _1401_/X (sky130_fd_sc_hd__mux2_1)
                                                         _0005_ (net)
                      0.035822    0.000154    3.883668 v _2219_/D (sky130_fd_sc_hd__dfxtp_1)
                                              3.883668   data arrival time

                                 10.000000   10.000000   clock clk (rise edge)
                                  0.000000   10.000000   clock source latency
     1    0.031725    0.000000    0.000000   10.000000 ^ clk (in)
                                                         clk (net)
                      0.006299    0.003149   10.003150 ^ clkbuf_0_clk/A (sky130_fd_sc_hd__clkbuf_16)
    16    0.130756    0.111306    0.133601   10.136750 ^ clkbuf_0_clk/X (sky130_fd_sc_hd__clkbuf_16)
                                                         clknet_0_clk (net)
                      0.112273    0.008269   10.145020 ^ clkbuf_4_10_0_clk/A (sky130_fd_sc_hd__clkbuf_8)
     7    0.038272    0.059820    0.126522   10.271542 ^ clkbuf_4_10_0_clk/X (sky130_fd_sc_hd__clkbuf_8)
                                                         clknet_4_10_0_clk (net)
                      0.059967    0.001960   10.273501 ^ _2219_/CLK (sky130_fd_sc_hd__dfxtp_1)
                                  0.000000   10.273501   clock reconvergence pessimism
                                 -0.068675   10.204826   library setup time
                                             10.204826   data required time
---------------------------------------------------------------------------------------------
                                             10.204826   data required time
                                             -3.883668   data arrival time
---------------------------------------------------------------------------------------------
                                              6.321158   slack (MET)




===========================================================================
report_checks --slack_max -0.01
============================================================================
======================= max_ff_n40C_1v95 Corner ===================================

No paths found.


===========================================================================
 report_check_types -max_slew -max_cap -max_fanout -violators
============================================================================
======================= max_ff_n40C_1v95 Corner ===================================

max fanout

Pin                                   Limit Fanout  Slack
---------------------------------------------------------
clkbuf_0_clk/X                           10     16     -6 (VIOLATED)
clkbuf_4_5_0_clk/X                       10     13     -3 (VIOLATED)
clkbuf_4_15_0_clk/X                      10     12     -2 (VIOLATED)
clkbuf_4_9_0_clk/X                       10     11        (VIOLATED)



===========================================================================
report_parasitic_annotation -report_unannotated
============================================================================
Found 23 unannotated drivers.
 des_key_in[0]
 des_key_in[16]
 des_key_in[24]
 des_key_in[32]
 des_key_in[40]
 des_key_in[48]
 des_key_in[56]
 des_key_in[8]
 clkload0/Y
 clkload1/Y
 clkload10/Y
 clkload11/Y
 clkload12/Y
 clkload13/Y
 clkload14/Y
 clkload2/Y
 clkload3/Y
 clkload4/Y
 clkload5/X
 clkload6/Y
 clkload7/Y
 clkload8/Y
 clkload9/X
Found 0 partially unannotated drivers.

===========================================================================
max slew violation count 0
max fanout violation count 4
max cap violation count 0
============================================================================

===========================================================================
check_setup -verbose -unconstrained_endpoints -multiple_clock -no_clock -no_input_delay -loops -generated_clocks
===========================================================================
