
===========================================================================
report_checks -unconstrained
===========================================================================
======================= min_ff_n40C_1v95 Corner ===================================

Startpoint: rst_n (input port clocked by clk)
Endpoint: _2250_ (recovery check against rising-edge clock clk)
Path Group: asynchronous
Path Type: max

Fanout         Cap        Slew       Delay        Time   Description
---------------------------------------------------------------------------------------------
                                  0.000000    0.000000   clock clk (rise edge)
                                  0.000000    0.000000   clock network delay (propagated)
                                  2.000000    2.000000 ^ input external delay
     1    0.003001    0.014633    0.007748    2.007748 ^ rst_n (in)
                                                         rst_n (net)
                      0.014633    0.000000    2.007748 ^ input123/A (sky130_fd_sc_hd__clkbuf_4)
     9    0.042906    0.102793    0.133956    2.141704 ^ input123/X (sky130_fd_sc_hd__clkbuf_4)
                                                         net123 (net)
                      0.102835    0.000778    2.142483 ^ _2250_/RESET_B (sky130_fd_sc_hd__dfrtp_4)
                                              2.142483   data arrival time

                                 10.000000   10.000000   clock clk (rise edge)
                                  0.000000   10.000000   clock source latency
     1    0.028341    0.000000    0.000000   10.000000 ^ clk (in)
                                                         clk (net)
                      0.003184    0.001593   10.001593 ^ clkbuf_0_clk/A (sky130_fd_sc_hd__clkbuf_16)
    16    0.119484    0.103732    0.131043   10.132635 ^ clkbuf_0_clk/X (sky130_fd_sc_hd__clkbuf_16)
                                                         clknet_0_clk (net)
                      0.104323    0.006274   10.138909 ^ clkbuf_4_5_0_clk/A (sky130_fd_sc_hd__clkbuf_8)
    13    0.039572    0.061180    0.126223   10.265132 ^ clkbuf_4_5_0_clk/X (sky130_fd_sc_hd__clkbuf_8)
                                                         clknet_4_5_0_clk (net)
                      0.061184    0.000587   10.265719 ^ _2250_/CLK (sky130_fd_sc_hd__dfrtp_4)
                                  0.000000   10.265719   clock reconvergence pessimism
                                  0.113212   10.378932   library recovery time
                                             10.378932   data required time
---------------------------------------------------------------------------------------------
                                             10.378932   data required time
                                             -2.142483   data arrival time
---------------------------------------------------------------------------------------------
                                              8.236449   slack (MET)


Startpoint: des_data[19] (input port clocked by clk)
Endpoint: _2233_ (rising edge-triggered flip-flop clocked by clk)
Path Group: clk
Path Type: max

Fanout         Cap        Slew       Delay        Time   Description
---------------------------------------------------------------------------------------------
                                  0.000000    0.000000   clock clk (rise edge)
                                  0.000000    0.000000   clock network delay (propagated)
                                  2.000000    2.000000 v input external delay
     1    0.003092    0.005155    0.002523    2.002523 v des_data[19] (in)
                                                         des_data[19] (net)
                      0.005155    0.000000    2.002523 v input11/A (sky130_fd_sc_hd__clkbuf_1)
     1    0.002724    0.018069    0.046390    2.048913 v input11/X (sky130_fd_sc_hd__clkbuf_1)
                                                         net11 (net)
                      0.018069    0.000032    2.048945 v _1504_/A (sky130_fd_sc_hd__or3_2)
     3    0.015687    0.078877    0.305769    2.354714 v _1504_/X (sky130_fd_sc_hd__or3_2)
                                                         _0897_ (net)
                      0.078877    0.000478    2.355192 v _1505_/C (sky130_fd_sc_hd__and3b_1)
     4    0.010953    0.050316    0.156330    2.511522 v _1505_/X (sky130_fd_sc_hd__and3b_1)
                                                         _0898_ (net)
                      0.050316    0.000039    2.511561 v _1529_/A (sky130_fd_sc_hd__or4_2)
     5    0.016058    0.097476    0.423050    2.934611 v _1529_/X (sky130_fd_sc_hd__or4_2)
                                                         _0922_ (net)
                      0.097476    0.000040    2.934651 v _1542_/A1 (sky130_fd_sc_hd__a21o_1)
     7    0.027742    0.094867    0.185758    3.120409 v _1542_/X (sky130_fd_sc_hd__a21o_1)
                                                         _0935_ (net)
                      0.094871    0.000641    3.121050 v _1701_/D (sky130_fd_sc_hd__and4b_1)
     1    0.002773    0.029788    0.149585    3.270634 v _1701_/X (sky130_fd_sc_hd__and4b_1)
                                                         _1083_ (net)
                      0.029788    0.000027    3.270661 v _1703_/A2 (sky130_fd_sc_hd__o31a_1)
     1    0.002504    0.033149    0.161412    3.432074 v _1703_/X (sky130_fd_sc_hd__o31a_1)
                                                         _1085_ (net)
                      0.033149    0.000021    3.432095 v _1706_/A3 (sky130_fd_sc_hd__o31a_1)
     1    0.008400    0.052032    0.163039    3.595134 v _1706_/X (sky130_fd_sc_hd__o31a_1)
                                                         _1088_ (net)
                      0.052032    0.000258    3.595392 v _1708_/A (sky130_fd_sc_hd__xor2_1)
     1    0.002331    0.030234    0.102674    3.698067 v _1708_/X (sky130_fd_sc_hd__xor2_1)
                                                         _1090_ (net)
                      0.030234    0.000012    3.698079 v _1709_/A1 (sky130_fd_sc_hd__mux2_1)
     1    0.002064    0.035253    0.141633    3.839712 v _1709_/X (sky130_fd_sc_hd__mux2_1)
                                                         _0019_ (net)
                      0.035253    0.000018    3.839730 v _2233_/D (sky130_fd_sc_hd__dfxtp_1)
                                              3.839730   data arrival time

                                 10.000000   10.000000   clock clk (rise edge)
                                  0.000000   10.000000   clock source latency
     1    0.028341    0.000000    0.000000   10.000000 ^ clk (in)
                                                         clk (net)
                      0.003184    0.001593   10.001593 ^ clkbuf_0_clk/A (sky130_fd_sc_hd__clkbuf_16)
    16    0.119484    0.103732    0.131043   10.132635 ^ clkbuf_0_clk/X (sky130_fd_sc_hd__clkbuf_16)
                                                         clknet_0_clk (net)
                      0.104376    0.006545   10.139180 ^ clkbuf_4_7_0_clk/A (sky130_fd_sc_hd__clkbuf_8)
     9    0.037455    0.058609    0.124214   10.263394 ^ clkbuf_4_7_0_clk/X (sky130_fd_sc_hd__clkbuf_8)
                                                         clknet_4_7_0_clk (net)
                      0.058654    0.001480   10.264874 ^ _2233_/CLK (sky130_fd_sc_hd__dfxtp_1)
                                  0.000000   10.264874   clock reconvergence pessimism
                                 -0.068599   10.196275   library setup time
                                             10.196275   data required time
---------------------------------------------------------------------------------------------
                                             10.196275   data required time
                                             -3.839730   data arrival time
---------------------------------------------------------------------------------------------
                                              6.356546   slack (MET)




===========================================================================
report_checks --slack_max -0.01
============================================================================
======================= min_ff_n40C_1v95 Corner ===================================

No paths found.


===========================================================================
 report_check_types -max_slew -max_cap -max_fanout -violators
============================================================================
======================= min_ff_n40C_1v95 Corner ===================================

max fanout

Pin                                   Limit Fanout  Slack
---------------------------------------------------------
clkbuf_0_clk/X                           10     16     -6 (VIOLATED)
clkbuf_4_5_0_clk/X                       10     13     -3 (VIOLATED)
clkbuf_4_15_0_clk/X                      10     12     -2 (VIOLATED)
clkbuf_4_9_0_clk/X                       10     11        (VIOLATED)



===========================================================================
report_parasitic_annotation -report_unannotated
============================================================================
Found 23 unannotated drivers.
 des_key_in[0]
 des_key_in[16]
 des_key_in[24]
 des_key_in[32]
 des_key_in[40]
 des_key_in[48]
 des_key_in[56]
 des_key_in[8]
 clkload0/Y
 clkload1/Y
 clkload10/Y
 clkload11/Y
 clkload12/Y
 clkload13/Y
 clkload14/Y
 clkload2/Y
 clkload3/Y
 clkload4/Y
 clkload5/X
 clkload6/Y
 clkload7/Y
 clkload8/Y
 clkload9/X
Found 0 partially unannotated drivers.

===========================================================================
max slew violation count 0
max fanout violation count 4
max cap violation count 0
============================================================================

===========================================================================
check_setup -verbose -unconstrained_endpoints -multiple_clock -no_clock -no_input_delay -loops -generated_clocks
===========================================================================
