Clock: clk
Sources: clk 
Generated: no
Virtual: yes
Propagated: no
Period: 10.000000

===========================================================================
report_clock_properties
============================================================================
Clock                   Period          Waveform
----------------------------------------------------
clk                  10.000000    0.000000  5.000000

===========================================================================
report_clock_latency
============================================================================
Clock clk
rise -> rise
    min     max
0.000000 0.000000 source latency
0.253566         network latency _2316_/CLK
        0.266188 network latency _2255_/CLK
---------------
0.253566 0.266188 latency
        0.012621 skew

fall -> fall
    min     max
0.000000 0.000000 source latency
0.246187         network latency _2316_/CLK
        0.256101 network latency _2255_/CLK
---------------
0.246187 0.256101 latency
        0.009914 skew



===========================================================================
report_clock_min_period
============================================================================
clk period_min = 2.79 fmax = 357.90
