Clock: clk
Sources: clk 
Generated: no
Virtual: yes
Propagated: no
Period: 10.000000

===========================================================================
report_clock_properties
============================================================================
Clock                   Period          Waveform
----------------------------------------------------
clk                  10.000000    0.000000  5.000000

===========================================================================
report_clock_latency
============================================================================
Clock clk
rise -> rise
    min     max
0.000000 0.000000 source latency
0.347322         network latency _2284_/CLK
        0.361150 network latency _2253_/CLK
---------------
0.347322 0.361150 latency
        0.013828 skew

fall -> fall
    min     max
0.000000 0.000000 source latency
0.342677         network latency _2284_/CLK
        0.353816 network latency _2336_/CLK
---------------
0.342677 0.353816 latency
        0.011139 skew



===========================================================================
report_clock_min_period
============================================================================
clk period_min = 4.23 fmax = 236.32
