Reading OpenROAD database at '/home/nguyen2604/my_designs/des_core/runs/RUN_2025-12-17_00-49-32/31-openroad-repairdesignpostgpl/des_core.odb'…
Reading library file at '/home/nguyen2604/.ciel/ciel/sky130/versions/0fe599b2afb6708d281543108caf8310912f54af/sky130A/libs.ref/sky130_fd_sc_hd/lib/sky130_fd_sc_hd__tt_025C_1v80.lib'…
Reading design constraints file at '/home/nguyen2604/my_designs/des_core/des_core.sdc'…
[INFO] No information on clock propagation in input SDC file-- propagating all clocks.
Placement Analysis
---------------------------------
total displacement          0.0 u
average displacement        0.0 u
max displacement            0.0 u
original HPWL           35826.9 u
legalized HPWL          36759.8 u
delta HPWL                    3 %

[INFO DPL-0020] Mirrored 525 instances
[INFO DPL-0021] HPWL before           36759.8 u
[INFO DPL-0022] HPWL after            35826.9 u
[INFO DPL-0023] HPWL delta               -2.5 %
Setting global connections for newly added cells…
[INFO] Setting global connections...
Updating metrics…
Cell type report:                       Count       Area
  Fill cell                               122     457.94
  Tap cell                                378     472.95
  Timing Repair Buffer                    256    1403.85
  Inverter                                  8      30.03
  Sequential cell                         129    2666.31
  Multi-Input combinational cell         1100   10334.91
  Total                                  1993   15365.99
Writing OpenROAD database to '/home/nguyen2604/my_designs/des_core/runs/RUN_2025-12-17_00-49-32/33-openroad-detailedplacement/des_core.odb'…
Writing netlist to '/home/nguyen2604/my_designs/des_core/runs/RUN_2025-12-17_00-49-32/33-openroad-detailedplacement/des_core.nl.v'…
Writing powered netlist to '/home/nguyen2604/my_designs/des_core/runs/RUN_2025-12-17_00-49-32/33-openroad-detailedplacement/des_core.pnl.v'…
Writing layout to '/home/nguyen2604/my_designs/des_core/runs/RUN_2025-12-17_00-49-32/33-openroad-detailedplacement/des_core.def'…
Writing timing constraints to '/home/nguyen2604/my_designs/des_core/runs/RUN_2025-12-17_00-49-32/33-openroad-detailedplacement/des_core.sdc'…
