Reading timing models for corner nom_tt_025C_1v80…
Reading timing library for the 'nom_tt_025C_1v80' corner at '/home/nguyen2604/.ciel/ciel/sky130/versions/0fe599b2afb6708d281543108caf8310912f54af/sky130A/libs.ref/sky130_fd_sc_hd/lib/sky130_fd_sc_hd__tt_025C_1v80.lib'…
Reading timing models for corner nom_ff_n40C_1v95…
Reading timing library for the 'nom_ff_n40C_1v95' corner at '/home/nguyen2604/.ciel/ciel/sky130/versions/0fe599b2afb6708d281543108caf8310912f54af/sky130A/libs.ref/sky130_fd_sc_hd/lib/sky130_fd_sc_hd__ff_n40C_1v95.lib'…
Reading timing models for corner nom_ss_100C_1v60…
Reading timing library for the 'nom_ss_100C_1v60' corner at '/home/nguyen2604/.ciel/ciel/sky130/versions/0fe599b2afb6708d281543108caf8310912f54af/sky130A/libs.ref/sky130_fd_sc_hd/lib/sky130_fd_sc_hd__ss_100C_1v60.lib'…
Reading OpenROAD database at '/home/nguyen2604/my_designs/des_core/runs/RUN_2025-12-17_00-49-32/27-openroad-globalplacement/des_core.odb'…
Reading design constraints file at '/home/nguyen2604/my_designs/des_core/des_core.sdc'…
[INFO] No information on clock propagation in input SDC file-- propagating all clocks.
[INFO] Setting RC values…
[INFO RSZ-0027] Inserted 123 input buffers.
[INFO RSZ-0028] Inserted 65 output buffers.
[INFO RSZ-0058] Using max wire length 6335um.
Iteration | Resized | Buffers | Nets repaired | Remaining
---------------------------------------------------------
        0 |       0 |       0 |             0 |      1557
      100 |      62 |       0 |             0 |      1457
      200 |     107 |       0 |             0 |      1357
      300 |     151 |       0 |             0 |      1257
      400 |     249 |       0 |             0 |      1157
      500 |     279 |       0 |             0 |      1057
      600 |     328 |       0 |             0 |       957
      700 |     415 |       0 |             0 |       857
      800 |     432 |       0 |             0 |       757
      900 |     503 |       7 |             7 |       657
     1000 |     571 |      28 |            10 |       557
     1100 |     657 |      40 |            12 |       457
     1200 |     774 |      59 |            18 |       357
     1300 |     870 |      68 |            19 |       257
     1400 |     962 |      68 |            19 |       157
     1500 |     983 |      68 |            19 |        57
    final |     983 |      68 |            19 |         0
---------------------------------------------------------
[INFO RSZ-0035] Found 19 fanout violations.
[INFO RSZ-0038] Inserted 68 buffers in 19 nets.
[INFO RSZ-0039] Resized 983 instances.
Placement Analysis
---------------------------------
total displacement       3699.1 u
average displacement        1.9 u
max displacement           12.3 u
original HPWL           33796.0 u
legalized HPWL          36759.8 u
delta HPWL                    9 %

[INFO DPL-0020] Mirrored 525 instances
[INFO DPL-0021] HPWL before           36759.8 u
[INFO DPL-0022] HPWL after            35826.9 u
[INFO DPL-0023] HPWL delta               -2.5 %
[INFO] Setting RC values…
Setting global connections for newly added cells…
[INFO] Setting global connections...
Updating metrics…
Cell type report:                       Count       Area
  Fill cell                               122     457.94
  Tap cell                                378     472.95
  Timing Repair Buffer                    256    1403.85
  Inverter                                  8      30.03
  Sequential cell                         129    2666.31
  Multi-Input combinational cell         1100   10334.91
  Total                                  1993   15365.99
Writing OpenROAD database to '/home/nguyen2604/my_designs/des_core/runs/RUN_2025-12-17_00-49-32/31-openroad-repairdesignpostgpl/des_core.odb'…
Writing netlist to '/home/nguyen2604/my_designs/des_core/runs/RUN_2025-12-17_00-49-32/31-openroad-repairdesignpostgpl/des_core.nl.v'…
Writing powered netlist to '/home/nguyen2604/my_designs/des_core/runs/RUN_2025-12-17_00-49-32/31-openroad-repairdesignpostgpl/des_core.pnl.v'…
Writing layout to '/home/nguyen2604/my_designs/des_core/runs/RUN_2025-12-17_00-49-32/31-openroad-repairdesignpostgpl/des_core.def'…
Writing timing constraints to '/home/nguyen2604/my_designs/des_core/runs/RUN_2025-12-17_00-49-32/31-openroad-repairdesignpostgpl/des_core.sdc'…
