Clock: clk
Sources: clk 
Generated: no
Virtual: yes
Propagated: no
Period: 10.000000

===========================================================================
report_clock_properties
============================================================================
Clock                   Period          Waveform
----------------------------------------------------
clk                  10.000000    0.000000  5.000000

===========================================================================
report_clock_latency
============================================================================
Clock clk
rise -> rise
    min     max
0.000000 0.000000 source latency
0.364238         network latency _2316_/CLK
        0.378992 network latency _2255_/CLK
---------------
0.364238 0.378992 latency
        0.014754 skew

fall -> fall
    min     max
0.000000 0.000000 source latency
0.354700         network latency _2316_/CLK
        0.366501 network latency _2255_/CLK
---------------
0.354700 0.366501 latency
        0.011801 skew



===========================================================================
report_clock_min_period
============================================================================
clk period_min = 4.50 fmax = 222.40
