Reading OpenROAD database at '/home/nguyen2604/my_designs/des_core/runs/RUN_2025-12-17_00-49-32/17-openroad-cutrows/des_core.odb'…
Reading library file at '/home/nguyen2604/.ciel/ciel/sky130/versions/0fe599b2afb6708d281543108caf8310912f54af/sky130A/libs.ref/sky130_fd_sc_hd/lib/sky130_fd_sc_hd__tt_025C_1v80.lib'…
Reading design constraints file at '/home/nguyen2604/my_designs/des_core/des_core.sdc'…
[INFO] No information on clock propagation in input SDC file-- propagating all clocks.
[INFO TAP-0004] Inserted 122 endcaps.
[INFO TAP-0005] Inserted 378 tapcells.
Setting global connections for newly added cells…
[INFO] Setting global connections...
Updating metrics…
Cell type report:                       Count       Area
  Fill cell                               122     457.94
  Tap cell                                378     472.95
  Inverter                                  8      30.03
  Sequential cell                         129    2788.92
  Multi-Input combinational cell         1100   11353.39
  Total                                  1737   15103.24
Writing OpenROAD database to '/home/nguyen2604/my_designs/des_core/runs/RUN_2025-12-17_00-49-32/18-openroad-tapendcapinsertion/des_core.odb'…
Writing netlist to '/home/nguyen2604/my_designs/des_core/runs/RUN_2025-12-17_00-49-32/18-openroad-tapendcapinsertion/des_core.nl.v'…
Writing powered netlist to '/home/nguyen2604/my_designs/des_core/runs/RUN_2025-12-17_00-49-32/18-openroad-tapendcapinsertion/des_core.pnl.v'…
Writing layout to '/home/nguyen2604/my_designs/des_core/runs/RUN_2025-12-17_00-49-32/18-openroad-tapendcapinsertion/des_core.def'…
Writing timing constraints to '/home/nguyen2604/my_designs/des_core/runs/RUN_2025-12-17_00-49-32/18-openroad-tapendcapinsertion/des_core.sdc'…
