Reading technology LEF file at '/home/nguyen2604/.ciel/ciel/sky130/versions/0fe599b2afb6708d281543108caf8310912f54af/sky130A/libs.ref/sky130_fd_sc_hd/techlef/sky130_fd_sc_hd__min.tlef'…
[INFO ODB-0227] LEF file: /home/nguyen2604/.ciel/ciel/sky130/versions/0fe599b2afb6708d281543108caf8310912f54af/sky130A/libs.ref/sky130_fd_sc_hd/techlef/sky130_fd_sc_hd__min.tlef, created 14 layers, 25 vias
Reading cell LEF file at '/home/nguyen2604/.ciel/ciel/sky130/versions/0fe599b2afb6708d281543108caf8310912f54af/sky130A/libs.ref/sky130_fd_sc_hd/lef/sky130_fd_sc_hd.lef'…
[WARNING ODB-0220] WARNING (LEFPARS-2008): NOWIREEXTENSIONATPIN statement is obsolete in version 5.6 or later.
The NOWIREEXTENSIONATPIN statement will be ignored. See file /home/nguyen2604/.ciel/ciel/sky130/versions/0fe599b2afb6708d281543108caf8310912f54af/sky130A/libs.ref/sky130_fd_sc_hd/lef/sky130_fd_sc_hd.lef at line 2.

[INFO ODB-0227] LEF file: /home/nguyen2604/.ciel/ciel/sky130/versions/0fe599b2afb6708d281543108caf8310912f54af/sky130A/libs.ref/sky130_fd_sc_hd/lef/sky130_fd_sc_hd.lef, created 437 library cells
Reading cell LEF file at '/home/nguyen2604/.ciel/ciel/sky130/versions/0fe599b2afb6708d281543108caf8310912f54af/sky130A/libs.ref/sky130_fd_sc_hd/lef/sky130_ef_sc_hd.lef'…
[WARNING ODB-0220] WARNING (LEFPARS-2008): NOWIREEXTENSIONATPIN statement is obsolete in version 5.6 or later.
The NOWIREEXTENSIONATPIN statement will be ignored. See file /home/nguyen2604/.ciel/ciel/sky130/versions/0fe599b2afb6708d281543108caf8310912f54af/sky130A/libs.ref/sky130_fd_sc_hd/lef/sky130_ef_sc_hd.lef at line 2.

[INFO ODB-0227] LEF file: /home/nguyen2604/.ciel/ciel/sky130/versions/0fe599b2afb6708d281543108caf8310912f54af/sky130A/libs.ref/sky130_fd_sc_hd/lef/sky130_ef_sc_hd.lef, created 4 library cells
[INFO ODB-0127] Reading DEF file: /home/nguyen2604/my_designs/des_core/runs/RUN_2025-12-17_00-49-32/52-odb-cellfrequencytables/des_core.def
[INFO ODB-0128] Design: des_core
[INFO ODB-0130]     Created 199 pins.
[INFO ODB-0131]     Created 3774 components and 19692 component-terminals.
[INFO ODB-0132]     Created 2 special nets and 14340 connections.
[INFO ODB-0133]     Created 1642 nets and 5337 connections.
[INFO ODB-0134] Finished DEF file: /home/nguyen2604/my_designs/des_core/runs/RUN_2025-12-17_00-49-32/52-odb-cellfrequencytables/des_core.def
Using RCX ruleset '/home/nguyen2604/.ciel/ciel/sky130/versions/0fe599b2afb6708d281543108caf8310912f54af/sky130A/libs.tech/openlane/rules.openrcx.sky130A.min.calibre'…
[INFO RCX-0431] Defined process_corner CURRENT_CORNER with ext_model_index 0
[INFO RCX-0029] Defined extraction corner CURRENT_CORNER
[INFO RCX-0435] Reading extraction model file /home/nguyen2604/.ciel/ciel/sky130/versions/0fe599b2afb6708d281543108caf8310912f54af/sky130A/libs.tech/openlane/rules.openrcx.sky130A.min.calibre ...
[INFO RCX-0436] RC segment generation des_core (max_merge_res 50.0) ...
[INFO RCX-0040] Final 6231 rc segments
[INFO RCX-0439] Coupling Cap extraction des_core ...
[INFO RCX-0440] Coupling threshhold is 0.1000 fF, coupling capacitance less than 0.1000 fF will be grounded.
[INFO RCX-0442] 51% of 11218 wires extracted
[INFO RCX-0442] 100% of 11218 wires extracted
[INFO RCX-0045] Extract 1642 nets, 7864 rsegs, 7864 caps, 13690 ccs
Setting global connections for newly added cells…
[INFO] Setting global connections...
Updating metrics…
Cell type report:                       Count       Area
  Fill cell                              1866   12411.90
  Tap cell                                378     472.95
  Antenna cell                              5      12.51
  Standard cell                          1525   14960.60
  Total                                  3774   27857.97
Writing extracted parasitics to '/home/nguyen2604/my_designs/des_core/runs/RUN_2025-12-17_00-49-32/53-openroad-rcx/min/des_core.min.spef'…
[INFO RCX-0443] 1642 nets finished
