Clock: clk
Sources: clk 
Generated: no
Virtual: yes
Propagated: no
Period: 10.000000

===========================================================================
report_clock_properties
============================================================================
Clock                   Period          Waveform
----------------------------------------------------
clk                  10.000000    0.000000  5.000000

===========================================================================
report_clock_latency
============================================================================
Clock clk
rise -> rise
    min     max
0.000000 0.000000 source latency
0.334678         network latency _2316_/CLK
        0.343255 network latency _2242_/CLK
---------------
0.334678 0.343255 latency
        0.008577 skew

fall -> fall
    min     max
0.000000 0.000000 source latency
0.332416         network latency _2316_/CLK
        0.338656 network latency _2338_/CLK
---------------
0.332416 0.338656 latency
        0.006240 skew



===========================================================================
report_clock_min_period
============================================================================
clk period_min = 4.10 fmax = 244.06
