Clock: clk
Sources: clk 
Generated: no
Virtual: yes
Propagated: no
Period: 10.000000

===========================================================================
report_clock_properties
============================================================================
Clock                   Period          Waveform
----------------------------------------------------
clk                  10.000000    0.000000  5.000000

===========================================================================
report_clock_latency
============================================================================
Clock clk
rise -> rise
    min     max
0.000000 0.000000 source latency
0.656662         network latency _2311_/CLK
        0.683710 network latency _2253_/CLK
---------------
0.656662 0.683710 latency
        0.027047 skew

fall -> fall
    min     max
0.000000 0.000000 source latency
0.638939         network latency _2311_/CLK
        0.662832 network latency _2233_/CLK
---------------
0.638939 0.662832 latency
        0.023893 skew



===========================================================================
report_clock_min_period
============================================================================
clk period_min = 9.38 fmax = 106.62
