138. Printing statistics.

=== des_core ===

   Number of wires:               1208
   Number of wire bits:           1573
   Number of public wires:          17
   Number of public wire bits:     322
   Number of ports:                  8
   Number of port bits:            197
   Number of memories:               0
   Number of memory bits:            0
   Number of processes:              0
   Number of cells:               1409
     $_ANDNOT_                     177
     $_AND_                         17
     $_MUX_                        762
     $_NAND_                        12
     $_NOR_                          7
     $_NOT_                        100
     $_ORNOT_                       17
     $_OR_                          58
     $_XNOR_                        70
     $_XOR_                         60
     sky130_fd_sc_hd__dfrtp_2        9
     sky130_fd_sc_hd__dfxtp_2      120

   Area for cell type $_NOT_ is unknown!
   Area for cell type $_AND_ is unknown!
   Area for cell type $_NAND_ is unknown!
   Area for cell type $_OR_ is unknown!
   Area for cell type $_NOR_ is unknown!
   Area for cell type $_XOR_ is unknown!
   Area for cell type $_XNOR_ is unknown!
   Area for cell type $_ANDNOT_ is unknown!
   Area for cell type $_ORNOT_ is unknown!
   Area for cell type $_MUX_ is unknown!

   Chip area for module '\des_core': 2788.924800
     of which used for sequential elements: 2788.924800 (100.00%)

