132. Printing statistics.

=== des_core ===

   Number of wires:               1081
   Number of wire bits:           1446
   Number of public wires:          17
   Number of public wire bits:     322
   Number of ports:                  8
   Number of port bits:            197
   Number of memories:               0
   Number of memory bits:            0
   Number of processes:              0
   Number of cells:               1282
     $_ANDNOT_                     177
     $_AND_                         17
     $_DFFE_PN0P_                    7
     $_DFFE_PP_                    120
     $_DFF_PN0_                      2
     $_MUX_                        635
     $_NAND_                        12
     $_NOR_                          7
     $_NOT_                        100
     $_ORNOT_                       17
     $_OR_                          58
     $_XNOR_                        70
     $_XOR_                         60

   Area for cell type $_NOT_ is unknown!
   Area for cell type $_AND_ is unknown!
   Area for cell type $_NAND_ is unknown!
   Area for cell type $_OR_ is unknown!
   Area for cell type $_NOR_ is unknown!
   Area for cell type $_XOR_ is unknown!
   Area for cell type $_XNOR_ is unknown!
   Area for cell type $_ANDNOT_ is unknown!
   Area for cell type $_ORNOT_ is unknown!
   Area for cell type $_MUX_ is unknown!
   Area for cell type $_DFFE_PP_ is unknown!
   Area for cell type $_DFF_PN0_ is unknown!
   Area for cell type $_DFFE_PN0P_ is unknown!

